# JRE version: OpenJDK Runtime Environment (8.0_242-b01) (build 1.8.0_242-release-1644-b01)
# Java VM: OpenJDK 64-Bit Server VM (25.242-b01 mixed mode windows-amd64 compressed oops)
Heap:
 PSYoungGen      total 522240K, used 118713K [0x00000000d5580000, 0x00000000f9700000, 0x0000000100000000)
  eden space 456704K, 18% used [0x00000000d5580000,0x00000000da987f78,0x00000000f1380000)
  from space 65536K, 49% used [0x00000000f1380000,0x00000000f3366850,0x00000000f5380000)
  to   space 62976K, 0% used [0x00000000f5980000,0x00000000f5980000,0x00000000f9700000)
 ParOldGen       total 349696K, used 81524K [0x0000000080000000, 0x0000000095580000, 0x00000000d5580000)
  object space 349696K, 23% used [0x0000000080000000,0x0000000084f9d208,0x0000000095580000)
 Metaspace       used 147416K, capacity 153858K, committed 155416K, reserved 1185792K
  class space    used 18437K, capacity 19668K, committed 20016K, reserved 1048576K
GC Heap History (10 events):
Event: 3392.009 GC heap before
{Heap before GC invocations=30 (full 5):
 PSYoungGen      total 493056K, used 473234K [0x00000000d5580000, 0x00000000f8000000, 0x0000000100000000)
  eden space 436736K, 100% used [0x00000000d5580000,0x00000000f0000000,0x00000000f0000000)
  from space 56320K, 64% used [0x00000000f0000000,0x00000000f23a48a0,0x00000000f3700000)
  to   space 57856K, 0% used [0x00000000f4780000,0x00000000f4780000,0x00000000f8000000)
 ParOldGen       total 349696K, used 290080K [0x0000000080000000, 0x0000000095580000, 0x00000000d5580000)
  object space 349696K, 82% used [0x0000000080000000,0x0000000091b48330,0x0000000095580000)
 Metaspace       used 132560K, capacity 139670K, committed 139928K, reserved 1171456K
  class space    used 16888K, capacity 18239K, committed 18352K, reserved 1048576K
Event: 3392.038 GC heap after
Heap after GC invocations=30 (full 5):
 PSYoungGen      total 503296K, used 44007K [0x00000000d5580000, 0x00000000f8080000, 0x0000000100000000)
  eden space 445440K, 0% used [0x00000000d5580000,0x00000000d5580000,0x00000000f0880000)
  from space 57856K, 76% used [0x00000000f4780000,0x00000000f7279c28,0x00000000f8000000)
  to   space 61440K, 0% used [0x00000000f0880000,0x00000000f0880000,0x00000000f4480000)
 ParOldGen       total 349696K, used 290088K [0x0000000080000000, 0x0000000095580000, 0x00000000d5580000)
  object space 349696K, 82% used [0x0000000080000000,0x0000000091b4a330,0x0000000095580000)
 Metaspace       used 132560K, capacity 139670K, committed 139928K, reserved 1171456K
  class space    used 16888K, capacity 18239K, committed 18352K, reserved 1048576K
}
Event: 3395.663 GC heap before
{Heap before GC invocations=31 (full 5):
 PSYoungGen      total 503296K, used 489447K [0x00000000d5580000, 0x00000000f8080000, 0x0000000100000000)
  eden space 445440K, 100% used [0x00000000d5580000,0x00000000f0880000,0x00000000f0880000)
  from space 57856K, 76% used [0x00000000f4780000,0x00000000f7279c28,0x00000000f8000000)
  to   space 61440K, 0% used [0x00000000f0880000,0x00000000f0880000,0x00000000f4480000)
 ParOldGen       total 349696K, used 290088K [0x0000000080000000, 0x0000000095580000, 0x00000000d5580000)
  object space 349696K, 82% used [0x0000000080000000,0x0000000091b4a330,0x0000000095580000)
 Metaspace       used 140403K, capacity 147532K, committed 147736K, reserved 1177600K
  class space    used 17755K, capacity 19122K, committed 19248K, reserved 1048576K
Event: 3395.726 GC heap after
Heap after GC invocations=31 (full 5):
 PSYoungGen      total 506880K, used 55052K [0x00000000d5580000, 0x00000000f9980000, 0x0000000100000000)
  eden space 445440K, 0% used [0x00000000d5580000,0x00000000d5580000,0x00000000f0880000)
  from space 61440K, 89% used [0x00000000f0880000,0x00000000f3e433a8,0x00000000f4480000)
  to   space 68608K, 0% used [0x00000000f5680000,0x00000000f5680000,0x00000000f9980000)
 ParOldGen       total 349696K, used 290096K [0x0000000080000000, 0x0000000095580000, 0x00000000d5580000)
  object space 349696K, 82% used [0x0000000080000000,0x0000000091b4c330,0x0000000095580000)
 Metaspace       used 140403K, capacity 147532K, committed 147736K, reserved 1177600K
  class space    used 17755K, capacity 19122K, committed 19248K, reserved 1048576K
}
Event: 3821.987 GC heap before
{Heap before GC invocations=32 (full 5):
 PSYoungGen      total 506880K, used 104946K [0x00000000d5580000, 0x00000000f9980000, 0x0000000100000000)
  eden space 445440K, 11% used [0x00000000d5580000,0x00000000d8639488,0x00000000f0880000)
  from space 61440K, 89% used [0x00000000f0880000,0x00000000f3e433a8,0x00000000f4480000)
  to   space 68608K, 0% used [0x00000000f5680000,0x00000000f5680000,0x00000000f9980000)
 ParOldGen       total 349696K, used 290096K [0x0000000080000000, 0x0000000095580000, 0x00000000d5580000)
  object space 349696K, 82% used [0x0000000080000000,0x0000000091b4c330,0x0000000095580000)
 Metaspace       used 140448K, capacity 147606K, committed 147992K, reserved 1177600K
  class space    used 17756K, capacity 19123K, committed 19248K, reserved 1048576K
Event: 3822.030 GC heap after
Heap after GC invocations=32 (full 5):
 PSYoungGen      total 519168K, used 31589K [0x00000000d5580000, 0x00000000f9380000, 0x0000000100000000)
  eden space 456704K, 0% used [0x00000000d5580000,0x00000000d5580000,0x00000000f1380000)
  from space 62464K, 50% used [0x00000000f5680000,0x00000000f75595c8,0x00000000f9380000)
  to   space 65536K, 0% used [0x00000000f1380000,0x00000000f1380000,0x00000000f5380000)
 ParOldGen       total 349696K, used 290104K [0x0000000080000000, 0x0000000095580000, 0x00000000d5580000)
  object space 349696K, 82% used [0x0000000080000000,0x0000000091b4e330,0x0000000095580000)
 Metaspace       used 140448K, capacity 147606K, committed 147992K, reserved 1177600K
  class space    used 17756K, capacity 19123K, committed 19248K, reserved 1048576K
}
Event: 3822.030 GC heap before
{Heap before GC invocations=33 (full 6):
 PSYoungGen      total 519168K, used 31589K [0x00000000d5580000, 0x00000000f9380000, 0x0000000100000000)
  eden space 456704K, 0% used [0x00000000d5580000,0x00000000d5580000,0x00000000f1380000)
  from space 62464K, 50% used [0x00000000f5680000,0x00000000f75595c8,0x00000000f9380000)
  to   space 65536K, 0% used [0x00000000f1380000,0x00000000f1380000,0x00000000f5380000)
 ParOldGen       total 349696K, used 290104K [0x0000000080000000, 0x0000000095580000, 0x00000000d5580000)
  object space 349696K, 82% used [0x0000000080000000,0x0000000091b4e330,0x0000000095580000)
 Metaspace       used 140448K, capacity 147606K, committed 147992K, reserved 1177600K
  class space    used 17756K, capacity 19123K, committed 19248K, reserved 1048576K
Event: 3822.940 GC heap after
Heap after GC invocations=33 (full 6):
 PSYoungGen      total 519168K, used 0K [0x00000000d5580000, 0x00000000f9380000, 0x0000000100000000)
  eden space 456704K, 0% used [0x00000000d5580000,0x00000000d5580000,0x00000000f1380000)
  from space 62464K, 0% used [0x00000000f5680000,0x00000000f5680000,0x00000000f9380000)
  to   space 65536K, 0% used [0x00000000f1380000,0x00000000f1380000,0x00000000f5380000)
 ParOldGen       total 349696K, used 81516K [0x0000000080000000, 0x0000000095580000, 0x00000000d5580000)
  object space 349696K, 23% used [0x0000000080000000,0x0000000084f9b208,0x0000000095580000)
 Metaspace       used 139429K, capacity 145770K, committed 147992K, reserved 1177600K
  class space    used 17549K, capacity 18748K, committed 19248K, reserved 1048576K
}
Event: 5942.102 GC heap before
{Heap before GC invocations=34 (full 6):
 PSYoungGen      total 519168K, used 456704K [0x00000000d5580000, 0x00000000f9380000, 0x0000000100000000)
  eden space 456704K, 100% used [0x00000000d5580000,0x00000000f1380000,0x00000000f1380000)
  from space 62464K, 0% used [0x00000000f5680000,0x00000000f5680000,0x00000000f9380000)
  to   space 65536K, 0% used [0x00000000f1380000,0x00000000f1380000,0x00000000f5380000)
 ParOldGen       total 349696K, used 81516K [0x0000000080000000, 0x0000000095580000, 0x00000000d5580000)
  object space 349696K, 23% used [0x0000000080000000,0x0000000084f9b208,0x0000000095580000)
 Metaspace       used 147392K, capacity 153840K, committed 155416K, reserved 1185792K
  class space    used 18435K, capacity 19665K, committed 20016K, reserved 1048576K
Event: 5942.171 GC heap after
Heap after GC invocations=34 (full 6):
 PSYoungGen      total 522240K, used 32666K [0x00000000d5580000, 0x00000000f9700000, 0x0000000100000000)
  eden space 456704K, 0% used [0x00000000d5580000,0x00000000d5580000,0x00000000f1380000)
  from space 65536K, 49% used [0x00000000f1380000,0x00000000f3366850,0x00000000f5380000)
  to   space 62976K, 0% used [0x00000000f5980000,0x00000000f5980000,0x00000000f9700000)
 ParOldGen       total 349696K, used 81524K [0x0000000080000000, 0x0000000095580000, 0x00000000d5580000)
  object space 349696K, 23% used [0x0000000080000000,0x0000000084f9d208,0x0000000095580000)
 Metaspace       used 147392K, capacity 153840K, committed 155416K, reserved 1185792K
  class space    used 18435K, capacity 19665K, committed 20016K, reserved 1048576K
}

