# JRE version: OpenJDK Runtime Environment (8.0_242) (build 1.8.0_242-release-1644-b3-6222593)
# Java VM: OpenJDK 64-Bit Server VM (25.242-b3-6222593 mixed mode linux-amd64 compressed oops)
Heap:
 PSYoungGen      total 325632K, used 69472K [0x00000000d5580000, 0x00000000f0c00000, 0x0000000100000000)
  eden space 302592K, 15% used [0x00000000d5580000,0x00000000d82db3d0,0x00000000e7d00000)
  from space 23040K, 99% used [0x00000000e7d00000,0x00000000e937cc98,0x00000000e9380000)
  to   space 28160K, 0% used [0x00000000ef080000,0x00000000ef080000,0x00000000f0c00000)
 ParOldGen       total 109056K, used 42514K [0x0000000080000000, 0x0000000086a80000, 0x00000000d5580000)
  object space 109056K, 38% used [0x0000000080000000,0x0000000082984b60,0x0000000086a80000)
 Metaspace       used 72539K, capacity 75766K, committed 75928K, reserved 1114112K
  class space    used 9926K, capacity 10559K, committed 10656K, reserved 1048576K
GC Heap History (10 events):
Event: 2.592 GC heap before
{Heap before GC invocations=10 (full 2):
 PSYoungGen      total 240128K, used 9416K [0x00000000d5580000, 0x00000000e5080000, 0x0000000100000000)
  eden space 227328K, 0% used [0x00000000d5580000,0x00000000d5580000,0x00000000e3380000)
  from space 12800K, 73% used [0x00000000e4400000,0x00000000e4d32048,0x00000000e5080000)
  to   space 14848K, 0% used [0x00000000e3380000,0x00000000e3380000,0x00000000e4200000)
 ParOldGen       total 49664K, used 8756K [0x0000000080000000, 0x0000000083080000, 0x00000000d5580000)
  object space 49664K, 17% used [0x0000000080000000,0x000000008088d1c0,0x0000000083080000)
 Metaspace       used 34320K, capacity 35374K, committed 35496K, reserved 1079296K
  class space    used 4715K, capacity 4972K, committed 5040K, reserved 1048576K
Event: 2.645 GC heap after
Heap after GC invocations=10 (full 2):
 PSYoungGen      total 240128K, used 0K [0x00000000d5580000, 0x00000000e5080000, 0x0000000100000000)
  eden space 227328K, 0% used [0x00000000d5580000,0x00000000d5580000,0x00000000e3380000)
  from space 12800K, 0% used [0x00000000e4400000,0x00000000e4400000,0x00000000e5080000)
  to   space 14848K, 0% used [0x00000000e3380000,0x00000000e3380000,0x00000000e4200000)
 ParOldGen       total 70656K, used 15684K [0x0000000080000000, 0x0000000084500000, 0x00000000d5580000)
  object space 70656K, 22% used [0x0000000080000000,0x0000000080f51080,0x0000000084500000)
 Metaspace       used 34320K, capacity 35374K, committed 35496K, reserved 1079296K
  class space    used 4715K, capacity 4972K, committed 5040K, reserved 1048576K
}
Event: 5.503 GC heap before
{Heap before GC invocations=11 (full 2):
 PSYoungGen      total 240128K, used 227328K [0x00000000d5580000, 0x00000000e5080000, 0x0000000100000000)
  eden space 227328K, 100% used [0x00000000d5580000,0x00000000e3380000,0x00000000e3380000)
  from space 12800K, 0% used [0x00000000e4400000,0x00000000e4400000,0x00000000e5080000)
  to   space 14848K, 0% used [0x00000000e3380000,0x00000000e3380000,0x00000000e4200000)
 ParOldGen       total 70656K, used 15684K [0x0000000080000000, 0x0000000084500000, 0x00000000d5580000)
  object space 70656K, 22% used [0x0000000080000000,0x0000000080f51080,0x0000000084500000)
 Metaspace       used 45254K, capacity 47062K, committed 47272K, reserved 1089536K
  class space    used 6113K, capacity 6461K, committed 6576K, reserved 1048576K
Event: 5.517 GC heap after
Heap after GC invocations=11 (full 2):
 PSYoungGen      total 242176K, used 14838K [0x00000000d5580000, 0x00000000ea780000, 0x0000000100000000)
  eden space 227328K, 0% used [0x00000000d5580000,0x00000000d5580000,0x00000000e3380000)
  from space 14848K, 99% used [0x00000000e3380000,0x00000000e41fda40,0x00000000e4200000)
  to   space 17920K, 0% used [0x00000000e9600000,0x00000000e9600000,0x00000000ea780000)
 ParOldGen       total 70656K, used 18243K [0x0000000080000000, 0x0000000084500000, 0x00000000d5580000)
  object space 70656K, 25% used [0x0000000080000000,0x00000000811d0e88,0x0000000084500000)
 Metaspace       used 45254K, capacity 47062K, committed 47272K, reserved 1089536K
  class space    used 6113K, capacity 6461K, committed 6576K, reserved 1048576K
}
Event: 7.392 GC heap before
{Heap before GC invocations=12 (full 2):
 PSYoungGen      total 242176K, used 159545K [0x00000000d5580000, 0x00000000ea780000, 0x0000000100000000)
  eden space 227328K, 63% used [0x00000000d5580000,0x00000000de2d0d30,0x00000000e3380000)
  from space 14848K, 99% used [0x00000000e3380000,0x00000000e41fda40,0x00000000e4200000)
  to   space 17920K, 0% used [0x00000000e9600000,0x00000000e9600000,0x00000000ea780000)
 ParOldGen       total 70656K, used 18243K [0x0000000080000000, 0x0000000084500000, 0x00000000d5580000)
  object space 70656K, 25% used [0x0000000080000000,0x00000000811d0e88,0x0000000084500000)
 Metaspace       used 56762K, capacity 59068K, committed 59160K, reserved 1099776K
  class space    used 7679K, capacity 8161K, committed 8224K, reserved 1048576K
Event: 7.409 GC heap after
Heap after GC invocations=12 (full 2):
 PSYoungGen      total 320512K, used 17907K [0x00000000d5580000, 0x00000000eaa00000, 0x0000000100000000)
  eden space 302592K, 0% used [0x00000000d5580000,0x00000000d5580000,0x00000000e7d00000)
  from space 17920K, 99% used [0x00000000e9600000,0x00000000ea77cd20,0x00000000ea780000)
  to   space 23040K, 0% used [0x00000000e7d00000,0x00000000e7d00000,0x00000000e9380000)
 ParOldGen       total 70656K, used 26249K [0x0000000080000000, 0x0000000084500000, 0x00000000d5580000)
  object space 70656K, 37% used [0x0000000080000000,0x00000000819a27d8,0x0000000084500000)
 Metaspace       used 56762K, capacity 59068K, committed 59160K, reserved 1099776K
  class space    used 7679K, capacity 8161K, committed 8224K, reserved 1048576K
}
Event: 7.409 GC heap before
{Heap before GC invocations=13 (full 3):
 PSYoungGen      total 320512K, used 17907K [0x00000000d5580000, 0x00000000eaa00000, 0x0000000100000000)
  eden space 302592K, 0% used [0x00000000d5580000,0x00000000d5580000,0x00000000e7d00000)
  from space 17920K, 99% used [0x00000000e9600000,0x00000000ea77cd20,0x00000000ea780000)
  to   space 23040K, 0% used [0x00000000e7d00000,0x00000000e7d00000,0x00000000e9380000)
 ParOldGen       total 70656K, used 26249K [0x0000000080000000, 0x0000000084500000, 0x00000000d5580000)
  object space 70656K, 37% used [0x0000000080000000,0x00000000819a27d8,0x0000000084500000)
 Metaspace       used 56762K, capacity 59068K, committed 59160K, reserved 1099776K
  class space    used 7679K, capacity 8161K, committed 8224K, reserved 1048576K
Event: 7.562 GC heap after
Heap after GC invocations=13 (full 3):
 PSYoungGen      total 320512K, used 0K [0x00000000d5580000, 0x00000000eaa00000, 0x0000000100000000)
  eden space 302592K, 0% used [0x00000000d5580000,0x00000000d5580000,0x00000000e7d00000)
  from space 17920K, 0% used [0x00000000e9600000,0x00000000e9600000,0x00000000ea780000)
  to   space 23040K, 0% used [0x00000000e7d00000,0x00000000e7d00000,0x00000000e9380000)
 ParOldGen       total 109056K, used 38185K [0x0000000080000000, 0x0000000086a80000, 0x00000000d5580000)
  object space 109056K, 35% used [0x0000000080000000,0x000000008254a648,0x0000000086a80000)
 Metaspace       used 56721K, capacity 58930K, committed 59160K, reserved 1099776K
  class space    used 7666K, capacity 8138K, committed 8224K, reserved 1048576K
}
Event: 11.760 GC heap before
{Heap before GC invocations=14 (full 3):
 PSYoungGen      total 320512K, used 302592K [0x00000000d5580000, 0x00000000eaa00000, 0x0000000100000000)
  eden space 302592K, 100% used [0x00000000d5580000,0x00000000e7d00000,0x00000000e7d00000)
  from space 17920K, 0% used [0x00000000e9600000,0x00000000e9600000,0x00000000ea780000)
  to   space 23040K, 0% used [0x00000000e7d00000,0x00000000e7d00000,0x00000000e9380000)
 ParOldGen       total 109056K, used 38185K [0x0000000080000000, 0x0000000086a80000, 0x00000000d5580000)
  object space 109056K, 35% used [0x0000000080000000,0x000000008254a648,0x0000000086a80000)
 Metaspace       used 70103K, capacity 73150K, committed 73496K, reserved 1112064K
  class space    used 9569K, capacity 10166K, committed 10272K, reserved 1048576K
Event: 11.788 GC heap after
Heap after GC invocations=14 (full 3):
 PSYoungGen      total 325632K, used 23027K [0x00000000d5580000, 0x00000000f0c00000, 0x0000000100000000)
  eden space 302592K, 0% used [0x00000000d5580000,0x00000000d5580000,0x00000000e7d00000)
  from space 23040K, 99% used [0x00000000e7d00000,0x00000000e937cc98,0x00000000e9380000)
  to   space 28160K, 0% used [0x00000000ef080000,0x00000000ef080000,0x00000000f0c00000)
 ParOldGen       total 109056K, used 42514K [0x0000000080000000, 0x0000000086a80000, 0x00000000d5580000)
  object space 109056K, 38% used [0x0000000080000000,0x0000000082984b60,0x0000000086a80000)
 Metaspace       used 70103K, capacity 73150K, committed 73496K, reserved 1112064K
  class space    used 9569K, capacity 10166K, committed 10272K, reserved 1048576K
}

