# JRE version: OpenJDK Runtime Environment (8.0_242-b01) (build 1.8.0_242-release-1644-b01)
# Java VM: OpenJDK 64-Bit Server VM (25.242-b01 mixed mode windows-amd64 compressed oops)
Heap:
 PSYoungGen      total 451584K, used 256732K [0x00000000d5580000, 0x00000000fe400000, 0x0000000100000000)
  eden space 419328K, 57% used [0x00000000d5580000,0x00000000e3f4bf78,0x00000000eef00000)
  from space 32256K, 53% used [0x00000000eef00000,0x00000000effeb3c0,0x00000000f0e80000)
  to   space 69632K, 0% used [0x00000000fa000000,0x00000000fa000000,0x00000000fe400000)
 ParOldGen       total 278528K, used 148834K [0x0000000080000000, 0x0000000091000000, 0x00000000d5580000)
  object space 278528K, 53% used [0x0000000080000000,0x0000000089158a80,0x0000000091000000)
 Metaspace       used 83981K, capacity 88196K, committed 88984K, reserved 1126400K
  class space    used 11445K, capacity 12229K, committed 12464K, reserved 1048576K
GC Heap History (10 events):
Event: 6.253 GC heap before
{Heap before GC invocations=13 (full 3):
 PSYoungGen      total 353280K, used 17900K [0x00000000d5580000, 0x00000000ecb00000, 0x0000000100000000)
  eden space 335360K, 0% used [0x00000000d5580000,0x00000000d5580000,0x00000000e9d00000)
  from space 17920K, 99% used [0x00000000eb600000,0x00000000ec77b330,0x00000000ec780000)
  to   space 23552K, 0% used [0x00000000e9d00000,0x00000000e9d00000,0x00000000eb400000)
 ParOldGen       total 70144K, used 26346K [0x0000000080000000, 0x0000000084480000, 0x00000000d5580000)
  object space 70144K, 37% used [0x0000000080000000,0x00000000819bab50,0x0000000084480000)
 Metaspace       used 56740K, capacity 59048K, committed 59160K, reserved 1099776K
  class space    used 7683K, capacity 8172K, committed 8240K, reserved 1048576K
Event: 6.499 GC heap after
Heap after GC invocations=13 (full 3):
 PSYoungGen      total 353280K, used 0K [0x00000000d5580000, 0x00000000ecb00000, 0x0000000100000000)
  eden space 335360K, 0% used [0x00000000d5580000,0x00000000d5580000,0x00000000e9d00000)
  from space 17920K, 0% used [0x00000000eb600000,0x00000000eb600000,0x00000000ec780000)
  to   space 23552K, 0% used [0x00000000e9d00000,0x00000000e9d00000,0x00000000eb400000)
 ParOldGen       total 110080K, used 38646K [0x0000000080000000, 0x0000000086b80000, 0x00000000d5580000)
  object space 110080K, 35% used [0x0000000080000000,0x00000000825bdb60,0x0000000086b80000)
 Metaspace       used 56704K, capacity 58928K, committed 59160K, reserved 1099776K
  class space    used 7672K, capacity 8152K, committed 8240K, reserved 1048576K
}
Event: 9.972 GC heap before
{Heap before GC invocations=14 (full 3):
 PSYoungGen      total 353280K, used 335360K [0x00000000d5580000, 0x00000000ecb00000, 0x0000000100000000)
  eden space 335360K, 100% used [0x00000000d5580000,0x00000000e9d00000,0x00000000e9d00000)
  from space 17920K, 0% used [0x00000000eb600000,0x00000000eb600000,0x00000000ec780000)
  to   space 23552K, 0% used [0x00000000e9d00000,0x00000000e9d00000,0x00000000eb400000)
 ParOldGen       total 110080K, used 38646K [0x0000000080000000, 0x0000000086b80000, 0x00000000d5580000)
  object space 110080K, 35% used [0x0000000080000000,0x00000000825bdb60,0x0000000086b80000)
 Metaspace       used 67794K, capacity 71100K, committed 71448K, reserved 1110016K
  class space    used 9260K, capacity 9907K, committed 10032K, reserved 1048576K
Event: 10.002 GC heap after
Heap after GC invocations=14 (full 3):
 PSYoungGen      total 358912K, used 23550K [0x00000000d5580000, 0x00000000f3000000, 0x0000000100000000)
  eden space 335360K, 0% used [0x00000000d5580000,0x00000000d5580000,0x00000000e9d00000)
  from space 23552K, 99% used [0x00000000e9d00000,0x00000000eb3ff9b0,0x00000000eb400000)
  to   space 28672K, 0% used [0x00000000f1400000,0x00000000f1400000,0x00000000f3000000)
 ParOldGen       total 110080K, used 43205K [0x0000000080000000, 0x0000000086b80000, 0x00000000d5580000)
  object space 110080K, 39% used [0x0000000080000000,0x0000000082a31630,0x0000000086b80000)
 Metaspace       used 67794K, capacity 71100K, committed 71448K, reserved 1110016K
  class space    used 9260K, capacity 9907K, committed 10032K, reserved 1048576K
}
Event: 12.775 GC heap before
{Heap before GC invocations=15 (full 3):
 PSYoungGen      total 358912K, used 358910K [0x00000000d5580000, 0x00000000f3000000, 0x0000000100000000)
  eden space 335360K, 100% used [0x00000000d5580000,0x00000000e9d00000,0x00000000e9d00000)
  from space 23552K, 99% used [0x00000000e9d00000,0x00000000eb3ff9b0,0x00000000eb400000)
  to   space 28672K, 0% used [0x00000000f1400000,0x00000000f1400000,0x00000000f3000000)
 ParOldGen       total 110080K, used 43205K [0x0000000080000000, 0x0000000086b80000, 0x00000000d5580000)
  object space 110080K, 39% used [0x0000000080000000,0x0000000082a31630,0x0000000086b80000)
 Metaspace       used 78792K, capacity 82652K, committed 82712K, reserved 1120256K
  class space    used 10850K, capacity 11559K, committed 11568K, reserved 1048576K
Event: 12.804 GC heap after
Heap after GC invocations=15 (full 3):
 PSYoungGen      total 445440K, used 26307K [0x00000000d5580000, 0x00000000f2e00000, 0x0000000100000000)
  eden space 418816K, 0% used [0x00000000d5580000,0x00000000d5580000,0x00000000eee80000)
  from space 26624K, 98% used [0x00000000f1400000,0x00000000f2db0c38,0x00000000f2e00000)
  to   space 32256K, 0% used [0x00000000eef00000,0x00000000eef00000,0x00000000f0e80000)
 ParOldGen       total 110080K, used 62299K [0x0000000080000000, 0x0000000086b80000, 0x00000000d5580000)
  object space 110080K, 56% used [0x0000000080000000,0x0000000083cd6db8,0x0000000086b80000)
 Metaspace       used 78792K, capacity 82652K, committed 82712K, reserved 1120256K
  class space    used 10850K, capacity 11559K, committed 11568K, reserved 1048576K
}
Event: 14.705 GC heap before
{Heap before GC invocations=16 (full 3):
 PSYoungGen      total 445440K, used 445123K [0x00000000d5580000, 0x00000000f2e00000, 0x0000000100000000)
  eden space 418816K, 100% used [0x00000000d5580000,0x00000000eee80000,0x00000000eee80000)
  from space 26624K, 98% used [0x00000000f1400000,0x00000000f2db0c38,0x00000000f2e00000)
  to   space 32256K, 0% used [0x00000000eef00000,0x00000000eef00000,0x00000000f0e80000)
 ParOldGen       total 110080K, used 62299K [0x0000000080000000, 0x0000000086b80000, 0x00000000d5580000)
  object space 110080K, 56% used [0x0000000080000000,0x0000000083cd6db8,0x0000000086b80000)
 Metaspace       used 83882K, capacity 88512K, committed 88728K, reserved 1126400K
  class space    used 11515K, capacity 12359K, committed 12464K, reserved 1048576K
Event: 14.796 GC heap after
Heap after GC invocations=16 (full 3):
 PSYoungGen      total 451584K, used 32242K [0x00000000d5580000, 0x00000000fe400000, 0x0000000100000000)
  eden space 419328K, 0% used [0x00000000d5580000,0x00000000d5580000,0x00000000eef00000)
  from space 32256K, 99% used [0x00000000eef00000,0x00000000f0e7c840,0x00000000f0e80000)
  to   space 69632K, 0% used [0x00000000fa000000,0x00000000fa000000,0x00000000fe400000)
 ParOldGen       total 148992K, used 148800K [0x0000000080000000, 0x0000000089180000, 0x00000000d5580000)
  object space 148992K, 99% used [0x0000000080000000,0x00000000891503e8,0x0000000089180000)
 Metaspace       used 83882K, capacity 88512K, committed 88728K, reserved 1126400K
  class space    used 11515K, capacity 12359K, committed 12464K, reserved 1048576K
}
Event: 14.796 GC heap before
{Heap before GC invocations=17 (full 4):
 PSYoungGen      total 451584K, used 32242K [0x00000000d5580000, 0x00000000fe400000, 0x0000000100000000)
  eden space 419328K, 0% used [0x00000000d5580000,0x00000000d5580000,0x00000000eef00000)
  from space 32256K, 99% used [0x00000000eef00000,0x00000000f0e7c840,0x00000000f0e80000)
  to   space 69632K, 0% used [0x00000000fa000000,0x00000000fa000000,0x00000000fe400000)
 ParOldGen       total 148992K, used 148800K [0x0000000080000000, 0x0000000089180000, 0x00000000d5580000)
  object space 148992K, 99% used [0x0000000080000000,0x00000000891503e8,0x0000000089180000)
 Metaspace       used 83882K, capacity 88512K, committed 88728K, reserved 1126400K
  class space    used 11515K, capacity 12359K, committed 12464K, reserved 1048576K
Event: 15.387 GC heap after
Heap after GC invocations=17 (full 4):
 PSYoungGen      total 451584K, used 17324K [0x00000000d5580000, 0x00000000fe400000, 0x0000000100000000)
  eden space 419328K, 0% used [0x00000000d5580000,0x00000000d5580000,0x00000000eef00000)
  from space 32256K, 53% used [0x00000000eef00000,0x00000000effeb3c0,0x00000000f0e80000)
  to   space 69632K, 0% used [0x00000000fa000000,0x00000000fa000000,0x00000000fe400000)
 ParOldGen       total 278528K, used 148834K [0x0000000080000000, 0x0000000091000000, 0x00000000d5580000)
  object space 278528K, 53% used [0x0000000080000000,0x0000000089158a80,0x0000000091000000)
 Metaspace       used 83641K, capacity 87808K, committed 88728K, reserved 1126400K
  class space    used 11438K, capacity 12223K, committed 12464K, reserved 1048576K
}

