# JRE version: OpenJDK Runtime Environment (8.0_242-b01) (build 1.8.0_242-release-1644-b01)
# Java VM: OpenJDK 64-Bit Server VM (25.242-b01 mixed mode windows-amd64 compressed oops)
Heap:
 PSYoungGen      total 407552K, used 29174K [0x00000000d5580000, 0x00000000fbe00000, 0x0000000100000000)
  eden space 378368K, 0% used [0x00000000d5580000,0x00000000d5580000,0x00000000ec700000)
  from space 29184K, 99% used [0x00000000ec700000,0x00000000ee37d9c0,0x00000000ee380000)
  to   space 89088K, 0% used [0x00000000f6700000,0x00000000f6700000,0x00000000fbe00000)
 ParOldGen       total 201216K, used 201115K [0x0000000080000000, 0x000000008c480000, 0x00000000d5580000)
  object space 201216K, 99% used [0x0000000080000000,0x000000008c466cf8,0x000000008c480000)
 Metaspace       used 85487K, capacity 90272K, committed 90520K, reserved 1128448K
  class space    used 11558K, capacity 12439K, committed 12456K, reserved 1048576K
GC Heap History (10 events):
Event: 8.636 GC heap after
Heap after GC invocations=16 (full 3):
 PSYoungGen      total 269312K, used 19453K [0x00000000d5580000, 0x00000000ebc00000, 0x0000000100000000)
  eden space 249856K, 0% used [0x00000000d5580000,0x00000000d5580000,0x00000000e4980000)
  from space 19456K, 99% used [0x00000000e4980000,0x00000000e5c7f528,0x00000000e5c80000)
  to   space 24064K, 0% used [0x00000000ea480000,0x00000000ea480000,0x00000000ebc00000)
 ParOldGen       total 103936K, used 37198K [0x0000000080000000, 0x0000000086580000, 0x00000000d5580000)
  object space 103936K, 35% used [0x0000000080000000,0x0000000082453bf0,0x0000000086580000)
 Metaspace       used 67466K, capacity 70862K, committed 71192K, reserved 1110016K
  class space    used 9286K, capacity 9936K, committed 10024K, reserved 1048576K
}
Event: 9.909 GC heap before
{Heap before GC invocations=17 (full 3):
 PSYoungGen      total 269312K, used 269309K [0x00000000d5580000, 0x00000000ebc00000, 0x0000000100000000)
  eden space 249856K, 100% used [0x00000000d5580000,0x00000000e4980000,0x00000000e4980000)
  from space 19456K, 99% used [0x00000000e4980000,0x00000000e5c7f528,0x00000000e5c80000)
  to   space 24064K, 0% used [0x00000000ea480000,0x00000000ea480000,0x00000000ebc00000)
 ParOldGen       total 103936K, used 37198K [0x0000000080000000, 0x0000000086580000, 0x00000000d5580000)
  object space 103936K, 35% used [0x0000000080000000,0x0000000082453bf0,0x0000000086580000)
 Metaspace       used 72445K, capacity 76012K, committed 76056K, reserved 1114112K
  class space    used 9873K, capacity 10535K, committed 10536K, reserved 1048576K
Event: 9.929 GC heap after
Heap after GC invocations=17 (full 3):
 PSYoungGen      total 334848K, used 18328K [0x00000000d5580000, 0x00000000eb980000, 0x0000000100000000)
  eden space 313344K, 0% used [0x00000000d5580000,0x00000000d5580000,0x00000000e8780000)
  from space 21504K, 85% used [0x00000000ea480000,0x00000000eb6660e0,0x00000000eb980000)
  to   space 25600K, 0% used [0x00000000e8780000,0x00000000e8780000,0x00000000ea080000)
 ParOldGen       total 103936K, used 51751K [0x0000000080000000, 0x0000000086580000, 0x00000000d5580000)
  object space 103936K, 49% used [0x0000000080000000,0x0000000083289cf0,0x0000000086580000)
 Metaspace       used 72445K, capacity 76012K, committed 76056K, reserved 1114112K
  class space    used 9873K, capacity 10535K, committed 10536K, reserved 1048576K
}
Event: 11.877 GC heap before
{Heap before GC invocations=18 (full 3):
 PSYoungGen      total 334848K, used 331672K [0x00000000d5580000, 0x00000000eb980000, 0x0000000100000000)
  eden space 313344K, 100% used [0x00000000d5580000,0x00000000e8780000,0x00000000e8780000)
  from space 21504K, 85% used [0x00000000ea480000,0x00000000eb6660e0,0x00000000eb980000)
  to   space 25600K, 0% used [0x00000000e8780000,0x00000000e8780000,0x00000000ea080000)
 ParOldGen       total 103936K, used 51751K [0x0000000080000000, 0x0000000086580000, 0x00000000d5580000)
  object space 103936K, 49% used [0x0000000080000000,0x0000000083289cf0,0x0000000086580000)
 Metaspace       used 82333K, capacity 86594K, committed 86808K, reserved 1124352K
  class space    used 11218K, capacity 12004K, committed 12072K, reserved 1048576K
Event: 11.898 GC heap after
Heap after GC invocations=18 (full 3):
 PSYoungGen      total 338944K, used 25571K [0x00000000d5580000, 0x00000000f0780000, 0x0000000100000000)
  eden space 313344K, 0% used [0x00000000d5580000,0x00000000d5580000,0x00000000e8780000)
  from space 25600K, 99% used [0x00000000e8780000,0x00000000ea078fc8,0x00000000ea080000)
  to   space 29696K, 0% used [0x00000000eea80000,0x00000000eea80000,0x00000000f0780000)
 ParOldGen       total 103936K, used 51767K [0x0000000080000000, 0x0000000086580000, 0x00000000d5580000)
  object space 103936K, 49% used [0x0000000080000000,0x000000008328dcf0,0x0000000086580000)
 Metaspace       used 82333K, capacity 86594K, committed 86808K, reserved 1124352K
  class space    used 11218K, capacity 12004K, committed 12072K, reserved 1048576K
}
Event: 13.558 GC heap before
{Heap before GC invocations=19 (full 3):
 PSYoungGen      total 338944K, used 338915K [0x00000000d5580000, 0x00000000f0780000, 0x0000000100000000)
  eden space 313344K, 100% used [0x00000000d5580000,0x00000000e8780000,0x00000000e8780000)
  from space 25600K, 99% used [0x00000000e8780000,0x00000000ea078fc8,0x00000000ea080000)
  to   space 29696K, 0% used [0x00000000eea80000,0x00000000eea80000,0x00000000f0780000)
 ParOldGen       total 103936K, used 51767K [0x0000000080000000, 0x0000000086580000, 0x00000000d5580000)
  object space 103936K, 49% used [0x0000000080000000,0x000000008328dcf0,0x0000000086580000)
 Metaspace       used 84245K, capacity 88840K, committed 89112K, reserved 1126400K
  class space    used 11439K, capacity 12309K, committed 12328K, reserved 1048576K
Event: 13.578 GC heap after
Heap after GC invocations=19 (full 3):
 PSYoungGen      total 400384K, used 16386K [0x00000000d5580000, 0x00000000f0000000, 0x0000000100000000)
  eden space 378368K, 0% used [0x00000000d5580000,0x00000000d5580000,0x00000000ec700000)
  from space 22016K, 74% used [0x00000000eea80000,0x00000000efa809a8,0x00000000f0000000)
  to   space 29184K, 0% used [0x00000000ec700000,0x00000000ec700000,0x00000000ee380000)
 ParOldGen       total 103936K, used 51775K [0x0000000080000000, 0x0000000086580000, 0x00000000d5580000)
  object space 103936K, 49% used [0x0000000080000000,0x000000008328fcf0,0x0000000086580000)
 Metaspace       used 84245K, capacity 88840K, committed 89112K, reserved 1126400K
  class space    used 11439K, capacity 12309K, committed 12328K, reserved 1048576K
}
Event: 14.900 GC heap before
{Heap before GC invocations=20 (full 3):
 PSYoungGen      total 400384K, used 394754K [0x00000000d5580000, 0x00000000f0000000, 0x0000000100000000)
  eden space 378368K, 100% used [0x00000000d5580000,0x00000000ec700000,0x00000000ec700000)
  from space 22016K, 74% used [0x00000000eea80000,0x00000000efa809a8,0x00000000f0000000)
  to   space 29184K, 0% used [0x00000000ec700000,0x00000000ec700000,0x00000000ee380000)
 ParOldGen       total 103936K, used 51775K [0x0000000080000000, 0x0000000086580000, 0x00000000d5580000)
  object space 103936K, 49% used [0x0000000080000000,0x000000008328fcf0,0x0000000086580000)
 Metaspace       used 85487K, capacity 90272K, committed 90520K, reserved 1128448K
  class space    used 11558K, capacity 12439K, committed 12456K, reserved 1048576K
Event: 15.040 GC heap after
Heap after GC invocations=20 (full 3):
 PSYoungGen      total 407552K, used 29174K [0x00000000d5580000, 0x00000000fbe00000, 0x0000000100000000)
  eden space 378368K, 0% used [0x00000000d5580000,0x00000000d5580000,0x00000000ec700000)
  from space 29184K, 99% used [0x00000000ec700000,0x00000000ee37d9c0,0x00000000ee380000)
  to   space 89088K, 0% used [0x00000000f6700000,0x00000000f6700000,0x00000000fbe00000)
 ParOldGen       total 201216K, used 201115K [0x0000000080000000, 0x000000008c480000, 0x00000000d5580000)
  object space 201216K, 99% used [0x0000000080000000,0x000000008c466cf8,0x000000008c480000)
 Metaspace       used 85487K, capacity 90272K, committed 90520K, reserved 1128448K
  class space    used 11558K, capacity 12439K, committed 12456K, reserved 1048576K
}
Event: 15.040 GC heap before
{Heap before GC invocations=21 (full 4):
 PSYoungGen      total 407552K, used 29174K [0x00000000d5580000, 0x00000000fbe00000, 0x0000000100000000)
  eden space 378368K, 0% used [0x00000000d5580000,0x00000000d5580000,0x00000000ec700000)
  from space 29184K, 99% used [0x00000000ec700000,0x00000000ee37d9c0,0x00000000ee380000)
  to   space 89088K, 0% used [0x00000000f6700000,0x00000000f6700000,0x00000000fbe00000)
 ParOldGen       total 201216K, used 201115K [0x0000000080000000, 0x000000008c480000, 0x00000000d5580000)
  object space 201216K, 99% used [0x0000000080000000,0x000000008c466cf8,0x000000008c480000)
 Metaspace       used 85487K, capacity 90272K, committed 90520K, reserved 1128448K
  class space    used 11558K, capacity 12439K, committed 12456K, reserved 1048576K

