# JRE version: OpenJDK Runtime Environment (8.0_242) (build 1.8.0_242-release-1644-b3-6222593)
# Java VM: OpenJDK 64-Bit Server VM (25.242-b3-6222593 mixed mode linux-amd64 compressed oops)
Heap:
 PSYoungGen      total 438272K, used 22262K [0x00000000d5580000, 0x00000000f7500000, 0x0000000100000000)
  eden space 405504K, 0% used [0x00000000d5580000,0x00000000d5580000,0x00000000ee180000)
  from space 32768K, 67% used [0x00000000ee180000,0x00000000ef73dbe0,0x00000000f0180000)
  to   space 34304K, 0% used [0x00000000f5380000,0x00000000f5380000,0x00000000f7500000)
 ParOldGen       total 105472K, used 62545K [0x0000000080000000, 0x0000000086700000, 0x00000000d5580000)
  object space 105472K, 59% used [0x0000000080000000,0x0000000083d14708,0x0000000086700000)
 Metaspace       used 93537K, capacity 98420K, committed 98584K, reserved 1134592K
  class space    used 12462K, capacity 13351K, committed 13360K, reserved 1048576K
GC Heap History (10 events):
Event: 5.246 GC heap after
Heap after GC invocations=12 (full 2):
 PSYoungGen      total 338944K, used 18424K [0x00000000d5580000, 0x00000000ebc80000, 0x0000000100000000)
  eden space 320512K, 0% used [0x00000000d5580000,0x00000000d5580000,0x00000000e8e80000)
  from space 18432K, 99% used [0x00000000ea700000,0x00000000eb8fe2f0,0x00000000eb900000)
  to   space 23552K, 0% used [0x00000000e8e80000,0x00000000e8e80000,0x00000000ea580000)
 ParOldGen       total 67584K, used 27315K [0x0000000080000000, 0x0000000084200000, 0x00000000d5580000)
  object space 67584K, 40% used [0x0000000080000000,0x0000000081aace30,0x0000000084200000)
 Metaspace       used 56893K, capacity 59042K, committed 59160K, reserved 1099776K
  class space    used 7699K, capacity 8154K, committed 8240K, reserved 1048576K
}
Event: 5.246 GC heap before
{Heap before GC invocations=13 (full 3):
 PSYoungGen      total 338944K, used 18424K [0x00000000d5580000, 0x00000000ebc80000, 0x0000000100000000)
  eden space 320512K, 0% used [0x00000000d5580000,0x00000000d5580000,0x00000000e8e80000)
  from space 18432K, 99% used [0x00000000ea700000,0x00000000eb8fe2f0,0x00000000eb900000)
  to   space 23552K, 0% used [0x00000000e8e80000,0x00000000e8e80000,0x00000000ea580000)
 ParOldGen       total 67584K, used 27315K [0x0000000080000000, 0x0000000084200000, 0x00000000d5580000)
  object space 67584K, 40% used [0x0000000080000000,0x0000000081aace30,0x0000000084200000)
 Metaspace       used 56893K, capacity 59042K, committed 59160K, reserved 1099776K
  class space    used 7699K, capacity 8154K, committed 8240K, reserved 1048576K
Event: 5.408 GC heap after
Heap after GC invocations=13 (full 3):
 PSYoungGen      total 338944K, used 0K [0x00000000d5580000, 0x00000000ebc80000, 0x0000000100000000)
  eden space 320512K, 0% used [0x00000000d5580000,0x00000000d5580000,0x00000000e8e80000)
  from space 18432K, 0% used [0x00000000ea700000,0x00000000ea700000,0x00000000eb900000)
  to   space 23552K, 0% used [0x00000000e8e80000,0x00000000e8e80000,0x00000000ea580000)
 ParOldGen       total 105472K, used 38413K [0x0000000080000000, 0x0000000086700000, 0x00000000d5580000)
  object space 105472K, 36% used [0x0000000080000000,0x00000000825834b8,0x0000000086700000)
 Metaspace       used 56865K, capacity 58952K, committed 59160K, reserved 1099776K
  class space    used 7691K, capacity 8139K, committed 8240K, reserved 1048576K
}
Event: 7.802 GC heap before
{Heap before GC invocations=14 (full 3):
 PSYoungGen      total 338944K, used 320512K [0x00000000d5580000, 0x00000000ebc80000, 0x0000000100000000)
  eden space 320512K, 100% used [0x00000000d5580000,0x00000000e8e80000,0x00000000e8e80000)
  from space 18432K, 0% used [0x00000000ea700000,0x00000000ea700000,0x00000000eb900000)
  to   space 23552K, 0% used [0x00000000e8e80000,0x00000000e8e80000,0x00000000ea580000)
 ParOldGen       total 105472K, used 38413K [0x0000000080000000, 0x0000000086700000, 0x00000000d5580000)
  object space 105472K, 36% used [0x0000000080000000,0x00000000825834b8,0x0000000086700000)
 Metaspace       used 71310K, capacity 74386K, committed 74648K, reserved 1114112K
  class space    used 9724K, capacity 10322K, committed 10416K, reserved 1048576K
Event: 7.820 GC heap after
Heap after GC invocations=14 (full 3):
 PSYoungGen      total 344064K, used 23522K [0x00000000d5580000, 0x00000000f2580000, 0x0000000100000000)
  eden space 320512K, 0% used [0x00000000d5580000,0x00000000d5580000,0x00000000e8e80000)
  from space 23552K, 99% used [0x00000000e8e80000,0x00000000ea578b78,0x00000000ea580000)
  to   space 29696K, 0% used [0x00000000f0880000,0x00000000f0880000,0x00000000f2580000)
 ParOldGen       total 105472K, used 45529K [0x0000000080000000, 0x0000000086700000, 0x00000000d5580000)
  object space 105472K, 43% used [0x0000000080000000,0x0000000082c76460,0x0000000086700000)
 Metaspace       used 71310K, capacity 74386K, committed 74648K, reserved 1114112K
  class space    used 9724K, capacity 10322K, committed 10416K, reserved 1048576K
}
Event: 1251.975 GC heap before
{Heap before GC invocations=15 (full 3):
 PSYoungGen      total 344064K, used 344034K [0x00000000d5580000, 0x00000000f2580000, 0x0000000100000000)
  eden space 320512K, 100% used [0x00000000d5580000,0x00000000e8e80000,0x00000000e8e80000)
  from space 23552K, 99% used [0x00000000e8e80000,0x00000000ea578b78,0x00000000ea580000)
  to   space 29696K, 0% used [0x00000000f0880000,0x00000000f0880000,0x00000000f2580000)
 ParOldGen       total 105472K, used 45529K [0x0000000080000000, 0x0000000086700000, 0x00000000d5580000)
  object space 105472K, 43% used [0x0000000080000000,0x0000000082c76460,0x0000000086700000)
 Metaspace       used 88429K, capacity 93048K, committed 93208K, reserved 1130496K
  class space    used 12001K, capacity 12832K, committed 12848K, reserved 1048576K
Event: 1251.999 GC heap after
Heap after GC invocations=15 (full 3):
 PSYoungGen      total 427520K, used 25522K [0x00000000d5580000, 0x00000000f2180000, 0x0000000100000000)
  eden space 401920K, 0% used [0x00000000d5580000,0x00000000d5580000,0x00000000ede00000)
  from space 25600K, 99% used [0x00000000f0880000,0x00000000f216c8d8,0x00000000f2180000)
  to   space 32768K, 0% used [0x00000000ee180000,0x00000000ee180000,0x00000000f0180000)
 ParOldGen       total 105472K, used 62537K [0x0000000080000000, 0x0000000086700000, 0x00000000d5580000)
  object space 105472K, 59% used [0x0000000080000000,0x0000000083d12708,0x0000000086700000)
 Metaspace       used 88429K, capacity 93048K, committed 93208K, reserved 1130496K
  class space    used 12001K, capacity 12832K, committed 12848K, reserved 1048576K
}
Event: 1377.588 GC heap before
{Heap before GC invocations=16 (full 3):
 PSYoungGen      total 427520K, used 378531K [0x00000000d5580000, 0x00000000f2180000, 0x0000000100000000)
  eden space 401920K, 87% used [0x00000000d5580000,0x00000000eae3c660,0x00000000ede00000)
  from space 25600K, 99% used [0x00000000f0880000,0x00000000f216c8d8,0x00000000f2180000)
  to   space 32768K, 0% used [0x00000000ee180000,0x00000000ee180000,0x00000000f0180000)
 ParOldGen       total 105472K, used 62537K [0x0000000080000000, 0x0000000086700000, 0x00000000d5580000)
  object space 105472K, 59% used [0x0000000080000000,0x0000000083d12708,0x0000000086700000)
 Metaspace       used 93537K, capacity 98420K, committed 98584K, reserved 1134592K
  class space    used 12462K, capacity 13351K, committed 13360K, reserved 1048576K
Event: 1377.605 GC heap after
Heap after GC invocations=16 (full 3):
 PSYoungGen      total 438272K, used 22262K [0x00000000d5580000, 0x00000000f7500000, 0x0000000100000000)
  eden space 405504K, 0% used [0x00000000d5580000,0x00000000d5580000,0x00000000ee180000)
  from space 32768K, 67% used [0x00000000ee180000,0x00000000ef73dbe0,0x00000000f0180000)
  to   space 34304K, 0% used [0x00000000f5380000,0x00000000f5380000,0x00000000f7500000)
 ParOldGen       total 105472K, used 62545K [0x0000000080000000, 0x0000000086700000, 0x00000000d5580000)
  object space 105472K, 59% used [0x0000000080000000,0x0000000083d14708,0x0000000086700000)
 Metaspace       used 93537K, capacity 98420K, committed 98584K, reserved 1134592K
  class space    used 12462K, capacity 13351K, committed 13360K, reserved 1048576K
}
Event: 1377.605 GC heap before
{Heap before GC invocations=17 (full 4):
 PSYoungGen      total 438272K, used 22262K [0x00000000d5580000, 0x00000000f7500000, 0x0000000100000000)
  eden space 405504K, 0% used [0x00000000d5580000,0x00000000d5580000,0x00000000ee180000)
  from space 32768K, 67% used [0x00000000ee180000,0x00000000ef73dbe0,0x00000000f0180000)
  to   space 34304K, 0% used [0x00000000f5380000,0x00000000f5380000,0x00000000f7500000)
 ParOldGen       total 105472K, used 62545K [0x0000000080000000, 0x0000000086700000, 0x00000000d5580000)
  object space 105472K, 59% used [0x0000000080000000,0x0000000083d14708,0x0000000086700000)
 Metaspace       used 93537K, capacity 98420K, committed 98584K, reserved 1134592K
  class space    used 12462K, capacity 13351K, committed 13360K, reserved 1048576K

