# JRE version: OpenJDK Runtime Environment (8.0_242-b01) (build 1.8.0_242-release-1644-b01)
# Java VM: OpenJDK 64-Bit Server VM (25.242-b01 mixed mode windows-amd64 compressed oops)
Heap:
 PSYoungGen      total 330752K, used 319905K [0x00000000d5580000, 0x00000000f2800000, 0x0000000100000000)
  eden space 305152K, 100% used [0x00000000d5580000,0x00000000e7f80000,0x00000000e7f80000)
  from space 25600K, 57% used [0x00000000e7f80000,0x00000000e8de8540,0x00000000e9880000)
  to   space 49664K, 99% used [0x00000000ef780000,0x00000000f27feea8,0x00000000f2800000)
 ParOldGen       total 228352K, used 134312K [0x0000000080000000, 0x000000008df00000, 0x00000000d5580000)
  object space 228352K, 58% used [0x0000000080000000,0x000000008832c2d8,0x000000008df00000)
 Metaspace       used 79517K, capacity 83446K, committed 83608K, reserved 1122304K
  class space    used 10930K, capacity 11678K, committed 11696K, reserved 1048576K
GC Heap History (10 events):
Event: 5.086 GC heap after
Heap after GC invocations=15 (full 3):
 PSYoungGen      total 265216K, used 0K [0x00000000d5580000, 0x00000000e6d80000, 0x0000000100000000)
  eden space 245248K, 0% used [0x00000000d5580000,0x00000000d5580000,0x00000000e4500000)
  from space 19968K, 0% used [0x00000000e5800000,0x00000000e5800000,0x00000000e6b80000)
  to   space 19456K, 0% used [0x00000000e4500000,0x00000000e4500000,0x00000000e5800000)
 ParOldGen       total 108032K, used 33308K [0x0000000080000000, 0x0000000086980000, 0x00000000d5580000)
  object space 108032K, 30% used [0x0000000080000000,0x0000000082087300,0x0000000086980000)
 Metaspace       used 56771K, capacity 58968K, committed 59160K, reserved 1099776K
  class space    used 7689K, capacity 8186K, committed 8240K, reserved 1048576K
}
Event: 6.966 GC heap before
{Heap before GC invocations=16 (full 3):
 PSYoungGen      total 265216K, used 245248K [0x00000000d5580000, 0x00000000e6d80000, 0x0000000100000000)
  eden space 245248K, 100% used [0x00000000d5580000,0x00000000e4500000,0x00000000e4500000)
  from space 19968K, 0% used [0x00000000e5800000,0x00000000e5800000,0x00000000e6b80000)
  to   space 19456K, 0% used [0x00000000e4500000,0x00000000e4500000,0x00000000e5800000)
 ParOldGen       total 108032K, used 33308K [0x0000000080000000, 0x0000000086980000, 0x00000000d5580000)
  object space 108032K, 30% used [0x0000000080000000,0x0000000082087300,0x0000000086980000)
 Metaspace       used 67294K, capacity 70572K, committed 70808K, reserved 1110016K
  class space    used 9251K, capacity 9883K, committed 9904K, reserved 1048576K
Event: 6.984 GC heap after
Heap after GC invocations=16 (full 3):
 PSYoungGen      total 264704K, used 19432K [0x00000000d5580000, 0x00000000eb200000, 0x0000000100000000)
  eden space 245248K, 0% used [0x00000000d5580000,0x00000000d5580000,0x00000000e4500000)
  from space 19456K, 99% used [0x00000000e4500000,0x00000000e57fa210,0x00000000e5800000)
  to   space 23552K, 0% used [0x00000000e9b00000,0x00000000e9b00000,0x00000000eb200000)
 ParOldGen       total 108032K, used 36079K [0x0000000080000000, 0x0000000086980000, 0x00000000d5580000)
  object space 108032K, 33% used [0x0000000080000000,0x000000008233bcb8,0x0000000086980000)
 Metaspace       used 67294K, capacity 70572K, committed 70808K, reserved 1110016K
  class space    used 9251K, capacity 9883K, committed 9904K, reserved 1048576K
}
Event: 8.657 GC heap before
{Heap before GC invocations=17 (full 3):
 PSYoungGen      total 264704K, used 264680K [0x00000000d5580000, 0x00000000eb200000, 0x0000000100000000)
  eden space 245248K, 100% used [0x00000000d5580000,0x00000000e4500000,0x00000000e4500000)
  from space 19456K, 99% used [0x00000000e4500000,0x00000000e57fa210,0x00000000e5800000)
  to   space 23552K, 0% used [0x00000000e9b00000,0x00000000e9b00000,0x00000000eb200000)
 ParOldGen       total 108032K, used 36079K [0x0000000080000000, 0x0000000086980000, 0x00000000d5580000)
  object space 108032K, 33% used [0x0000000080000000,0x000000008233bcb8,0x0000000086980000)
 Metaspace       used 72497K, capacity 75952K, committed 76056K, reserved 1114112K
  class space    used 9877K, capacity 10529K, committed 10544K, reserved 1048576K
Event: 8.687 GC heap after
Heap after GC invocations=17 (full 3):
 PSYoungGen      total 328192K, used 19013K [0x00000000d5580000, 0x00000000eb180000, 0x0000000100000000)
  eden space 305152K, 0% used [0x00000000d5580000,0x00000000d5580000,0x00000000e7f80000)
  from space 23040K, 82% used [0x00000000e9b00000,0x00000000ead916f0,0x00000000eb180000)
  to   space 25600K, 0% used [0x00000000e7f80000,0x00000000e7f80000,0x00000000e9880000)
 ParOldGen       total 108032K, used 50131K [0x0000000080000000, 0x0000000086980000, 0x00000000d5580000)
  object space 108032K, 46% used [0x0000000080000000,0x00000000830f4d68,0x0000000086980000)
 Metaspace       used 72497K, capacity 75952K, committed 76056K, reserved 1114112K
  class space    used 9877K, capacity 10529K, committed 10544K, reserved 1048576K
}
Event: 10.202 GC heap before
{Heap before GC invocations=18 (full 3):
 PSYoungGen      total 328192K, used 324165K [0x00000000d5580000, 0x00000000eb180000, 0x0000000100000000)
  eden space 305152K, 100% used [0x00000000d5580000,0x00000000e7f80000,0x00000000e7f80000)
  from space 23040K, 82% used [0x00000000e9b00000,0x00000000ead916f0,0x00000000eb180000)
  to   space 25600K, 0% used [0x00000000e7f80000,0x00000000e7f80000,0x00000000e9880000)
 ParOldGen       total 108032K, used 50131K [0x0000000080000000, 0x0000000086980000, 0x00000000d5580000)
  object space 108032K, 46% used [0x0000000080000000,0x00000000830f4d68,0x0000000086980000)
 Metaspace       used 76380K, capacity 80246K, committed 80408K, reserved 1118208K
  class space    used 10550K, capacity 11262K, committed 11312K, reserved 1048576K
Event: 10.245 GC heap after
Heap after GC invocations=18 (full 3):
 PSYoungGen      total 330752K, used 25590K [0x00000000d5580000, 0x00000000f2800000, 0x0000000100000000)
  eden space 305152K, 0% used [0x00000000d5580000,0x00000000d5580000,0x00000000e7f80000)
  from space 25600K, 99% used [0x00000000e7f80000,0x00000000e987d998,0x00000000e9880000)
  to   space 49664K, 0% used [0x00000000ef780000,0x00000000ef780000,0x00000000f2800000)
 ParOldGen       total 108032K, used 103794K [0x0000000080000000, 0x0000000086980000, 0x00000000d5580000)
  object space 108032K, 96% used [0x0000000080000000,0x000000008655c940,0x0000000086980000)
 Metaspace       used 76380K, capacity 80246K, committed 80408K, reserved 1118208K
  class space    used 10550K, capacity 11262K, committed 11312K, reserved 1048576K
}
Event: 10.245 GC heap before
{Heap before GC invocations=19 (full 4):
 PSYoungGen      total 330752K, used 25590K [0x00000000d5580000, 0x00000000f2800000, 0x0000000100000000)
  eden space 305152K, 0% used [0x00000000d5580000,0x00000000d5580000,0x00000000e7f80000)
  from space 25600K, 99% used [0x00000000e7f80000,0x00000000e987d998,0x00000000e9880000)
  to   space 49664K, 0% used [0x00000000ef780000,0x00000000ef780000,0x00000000f2800000)
 ParOldGen       total 108032K, used 103794K [0x0000000080000000, 0x0000000086980000, 0x00000000d5580000)
  object space 108032K, 96% used [0x0000000080000000,0x000000008655c940,0x0000000086980000)
 Metaspace       used 76380K, capacity 80246K, committed 80408K, reserved 1118208K
  class space    used 10550K, capacity 11262K, committed 11312K, reserved 1048576K
Event: 10.834 GC heap after
Heap after GC invocations=19 (full 4):
 PSYoungGen      total 330752K, used 14753K [0x00000000d5580000, 0x00000000f2800000, 0x0000000100000000)
  eden space 305152K, 0% used [0x00000000d5580000,0x00000000d5580000,0x00000000e7f80000)
  from space 25600K, 57% used [0x00000000e7f80000,0x00000000e8de8540,0x00000000e9880000)
  to   space 49664K, 0% used [0x00000000ef780000,0x00000000ef780000,0x00000000f2800000)
 ParOldGen       total 228352K, used 107708K [0x0000000080000000, 0x000000008df00000, 0x00000000d5580000)
  object space 228352K, 47% used [0x0000000080000000,0x000000008692f130,0x000000008df00000)
 Metaspace       used 76053K, capacity 79318K, committed 80408K, reserved 1118208K
  class space    used 10442K, capacity 11070K, committed 11312K, reserved 1048576K
}
Event: 11.963 GC heap before
{Heap before GC invocations=20 (full 4):
 PSYoungGen      total 330752K, used 319905K [0x00000000d5580000, 0x00000000f2800000, 0x0000000100000000)
  eden space 305152K, 100% used [0x00000000d5580000,0x00000000e7f80000,0x00000000e7f80000)
  from space 25600K, 57% used [0x00000000e7f80000,0x00000000e8de8540,0x00000000e9880000)
  to   space 49664K, 0% used [0x00000000ef780000,0x00000000ef780000,0x00000000f2800000)
 ParOldGen       total 228352K, used 107708K [0x0000000080000000, 0x000000008df00000, 0x00000000d5580000)
  object space 228352K, 47% used [0x0000000080000000,0x000000008692f130,0x000000008df00000)
 Metaspace       used 79517K, capacity 83446K, committed 83608K, reserved 1122304K
  class space    used 10930K, capacity 11678K, committed 11696K, reserved 1048576K

