# JRE version: OpenJDK Runtime Environment (8.0_242) (build 1.8.0_242-release-1644-b3-6222593)
# Java VM: OpenJDK 64-Bit Server VM (25.242-b3-6222593 mixed mode linux-amd64 compressed oops)
Heap:
 PSYoungGen      total 572928K, used 88043K [0x00000000d5580000, 0x0000000100000000, 0x0000000100000000)
  eden space 484864K, 0% used [0x00000000d5580000,0x00000000d5580000,0x00000000f2f00000)
  from space 88064K, 99% used [0x00000000faa00000,0x00000000ffffacb0,0x0000000100000000)
  to   space 107008K, 0% used [0x00000000f2f00000,0x00000000f2f00000,0x00000000f9780000)
 ParOldGen       total 304128K, used 280135K [0x0000000080000000, 0x0000000092900000, 0x00000000d5580000)
  object space 304128K, 92% used [0x0000000080000000,0x0000000091191f20,0x0000000092900000)
 Metaspace       used 120881K, capacity 126452K, committed 126488K, reserved 1159168K
  class space    used 15336K, capacity 16414K, committed 16432K, reserved 1048576K
GC Heap History (10 events):
Event: 61.255 GC heap after
Heap after GC invocations=31 (full 5):
 PSYoungGen      total 611840K, used 20628K [0x00000000d5580000, 0x00000000ffc00000, 0x0000000100000000)
  eden space 532480K, 0% used [0x00000000d5580000,0x00000000d5580000,0x00000000f5d80000)
  from space 79360K, 25% used [0x00000000faa00000,0x00000000fbe253e8,0x00000000ff780000)
  to   space 78336K, 0% used [0x00000000f5d80000,0x00000000f5d80000,0x00000000faa00000)
 ParOldGen       total 304128K, used 250595K [0x0000000080000000, 0x0000000092900000, 0x00000000d5580000)
  object space 304128K, 82% used [0x0000000080000000,0x000000008f4b8c68,0x0000000092900000)
 Metaspace       used 112606K, capacity 117494K, committed 117784K, reserved 1150976K
  class space    used 14532K, capacity 15492K, committed 15664K, reserved 1048576K
}
Event: 62.142 GC heap before
{Heap before GC invocations=32 (full 5):
 PSYoungGen      total 611840K, used 553108K [0x00000000d5580000, 0x00000000ffc00000, 0x0000000100000000)
  eden space 532480K, 100% used [0x00000000d5580000,0x00000000f5d80000,0x00000000f5d80000)
  from space 79360K, 25% used [0x00000000faa00000,0x00000000fbe253e8,0x00000000ff780000)
  to   space 78336K, 0% used [0x00000000f5d80000,0x00000000f5d80000,0x00000000faa00000)
 ParOldGen       total 304128K, used 250595K [0x0000000080000000, 0x0000000092900000, 0x00000000d5580000)
  object space 304128K, 82% used [0x0000000080000000,0x000000008f4b8c68,0x0000000092900000)
 Metaspace       used 112618K, capacity 117494K, committed 117784K, reserved 1150976K
  class space    used 14532K, capacity 15492K, committed 15664K, reserved 1048576K
Event: 62.167 GC heap after
Heap after GC invocations=32 (full 5):
 PSYoungGen      total 610816K, used 3232K [0x00000000d5580000, 0x0000000100000000, 0x0000000100000000)
  eden space 532480K, 0% used [0x00000000d5580000,0x00000000d5580000,0x00000000f5d80000)
  from space 78336K, 4% used [0x00000000f5d80000,0x00000000f60a8000,0x00000000faa00000)
  to   space 79872K, 0% used [0x00000000fb200000,0x00000000fb200000,0x0000000100000000)
 ParOldGen       total 304128K, used 263983K [0x0000000080000000, 0x0000000092900000, 0x00000000d5580000)
  object space 304128K, 86% used [0x0000000080000000,0x00000000901cbef8,0x0000000092900000)
 Metaspace       used 112618K, capacity 117494K, committed 117784K, reserved 1150976K
  class space    used 14532K, capacity 15492K, committed 15664K, reserved 1048576K
}
Event: 63.964 GC heap before
{Heap before GC invocations=33 (full 5):
 PSYoungGen      total 610816K, used 535712K [0x00000000d5580000, 0x0000000100000000, 0x0000000100000000)
  eden space 532480K, 100% used [0x00000000d5580000,0x00000000f5d80000,0x00000000f5d80000)
  from space 78336K, 4% used [0x00000000f5d80000,0x00000000f60a8000,0x00000000faa00000)
  to   space 79872K, 0% used [0x00000000fb200000,0x00000000fb200000,0x0000000100000000)
 ParOldGen       total 304128K, used 263983K [0x0000000080000000, 0x0000000092900000, 0x00000000d5580000)
  object space 304128K, 86% used [0x0000000080000000,0x00000000901cbef8,0x0000000092900000)
 Metaspace       used 113408K, capacity 118510K, committed 118808K, reserved 1153024K
  class space    used 14616K, capacity 15580K, committed 15664K, reserved 1048576K
Event: 64.070 GC heap after
Heap after GC invocations=33 (full 5):
 PSYoungGen      total 600576K, used 70300K [0x00000000d5580000, 0x0000000100000000, 0x0000000100000000)
  eden space 520704K, 0% used [0x00000000d5580000,0x00000000d5580000,0x00000000f5200000)
  from space 79872K, 88% used [0x00000000fb200000,0x00000000ff6a7208,0x0000000100000000)
  to   space 89088K, 0% used [0x00000000f5200000,0x00000000f5200000,0x00000000fa900000)
 ParOldGen       total 304128K, used 264769K [0x0000000080000000, 0x0000000092900000, 0x00000000d5580000)
  object space 304128K, 87% used [0x0000000080000000,0x0000000090290598,0x0000000092900000)
 Metaspace       used 113408K, capacity 118510K, committed 118808K, reserved 1153024K
  class space    used 14616K, capacity 15580K, committed 15664K, reserved 1048576K
}
Event: 68.854 GC heap before
{Heap before GC invocations=34 (full 5):
 PSYoungGen      total 600576K, used 591004K [0x00000000d5580000, 0x0000000100000000, 0x0000000100000000)
  eden space 520704K, 100% used [0x00000000d5580000,0x00000000f5200000,0x00000000f5200000)
  from space 79872K, 88% used [0x00000000fb200000,0x00000000ff6a7208,0x0000000100000000)
  to   space 89088K, 0% used [0x00000000f5200000,0x00000000f5200000,0x00000000fa900000)
 ParOldGen       total 304128K, used 264769K [0x0000000080000000, 0x0000000092900000, 0x00000000d5580000)
  object space 304128K, 87% used [0x0000000080000000,0x0000000090290598,0x0000000092900000)
 Metaspace       used 116424K, capacity 121800K, committed 122008K, reserved 1155072K
  class space    used 14986K, capacity 16014K, committed 16048K, reserved 1048576K
Event: 68.877 GC heap after
Heap after GC invocations=34 (full 5):
 PSYoungGen      total 609792K, used 12306K [0x00000000d5580000, 0x0000000100000000, 0x0000000100000000)
  eden space 520704K, 0% used [0x00000000d5580000,0x00000000d5580000,0x00000000f5200000)
  from space 89088K, 13% used [0x00000000f5200000,0x00000000f5e049d8,0x00000000fa900000)
  to   space 88064K, 0% used [0x00000000faa00000,0x00000000faa00000,0x0000000100000000)
 ParOldGen       total 304128K, used 267687K [0x0000000080000000, 0x0000000092900000, 0x00000000d5580000)
  object space 304128K, 88% used [0x0000000080000000,0x0000000090569c70,0x0000000092900000)
 Metaspace       used 116424K, capacity 121800K, committed 122008K, reserved 1155072K
  class space    used 14986K, capacity 16014K, committed 16048K, reserved 1048576K
}
Event: 75.969 GC heap before
{Heap before GC invocations=35 (full 5):
 PSYoungGen      total 609792K, used 533010K [0x00000000d5580000, 0x0000000100000000, 0x0000000100000000)
  eden space 520704K, 100% used [0x00000000d5580000,0x00000000f5200000,0x00000000f5200000)
  from space 89088K, 13% used [0x00000000f5200000,0x00000000f5e049d8,0x00000000fa900000)
  to   space 88064K, 0% used [0x00000000faa00000,0x00000000faa00000,0x0000000100000000)
 ParOldGen       total 304128K, used 267687K [0x0000000080000000, 0x0000000092900000, 0x00000000d5580000)
  object space 304128K, 88% used [0x0000000080000000,0x0000000090569c70,0x0000000092900000)
 Metaspace       used 120881K, capacity 126452K, committed 126488K, reserved 1159168K
  class space    used 15336K, capacity 16414K, committed 16432K, reserved 1048576K
Event: 76.053 GC heap after
Heap after GC invocations=35 (full 5):
 PSYoungGen      total 572928K, used 88043K [0x00000000d5580000, 0x0000000100000000, 0x0000000100000000)
  eden space 484864K, 0% used [0x00000000d5580000,0x00000000d5580000,0x00000000f2f00000)
  from space 88064K, 99% used [0x00000000faa00000,0x00000000ffffacb0,0x0000000100000000)
  to   space 107008K, 0% used [0x00000000f2f00000,0x00000000f2f00000,0x00000000f9780000)
 ParOldGen       total 304128K, used 280135K [0x0000000080000000, 0x0000000092900000, 0x00000000d5580000)
  object space 304128K, 92% used [0x0000000080000000,0x0000000091191f20,0x0000000092900000)
 Metaspace       used 120881K, capacity 126452K, committed 126488K, reserved 1159168K
  class space    used 15336K, capacity 16414K, committed 16432K, reserved 1048576K
}
Event: 76.053 GC heap before
{Heap before GC invocations=36 (full 6):
 PSYoungGen      total 572928K, used 88043K [0x00000000d5580000, 0x0000000100000000, 0x0000000100000000)
  eden space 484864K, 0% used [0x00000000d5580000,0x00000000d5580000,0x00000000f2f00000)
  from space 88064K, 99% used [0x00000000faa00000,0x00000000ffffacb0,0x0000000100000000)
  to   space 107008K, 0% used [0x00000000f2f00000,0x00000000f2f00000,0x00000000f9780000)
 ParOldGen       total 304128K, used 280135K [0x0000000080000000, 0x0000000092900000, 0x00000000d5580000)
  object space 304128K, 92% used [0x0000000080000000,0x0000000091191f20,0x0000000092900000)
 Metaspace       used 120881K, capacity 126452K, committed 126488K, reserved 1159168K
  class space    used 15336K, capacity 16414K, committed 16432K, reserved 1048576K

