# JRE version: OpenJDK Runtime Environment (8.0_242) (build 1.8.0_242-release-1644-b3-6222593)
# Java VM: OpenJDK 64-Bit Server VM (25.242-b3-6222593 mixed mode linux-amd64 compressed oops)
Heap:
 PSYoungGen      total 313344K, used 313339K [0x00000000d5580000, 0x00000000ee100000, 0x0000000100000000)
  eden space 290304K, 100% used [0x00000000d5580000,0x00000000e7100000,0x00000000e7100000)
  from space 23040K, 99% used [0x00000000e7100000,0x00000000e877eeb8,0x00000000e8780000)
  to   space 26624K, 49% used [0x00000000ec700000,0x00000000ed3cd9b0,0x00000000ee100000)
 ParOldGen       total 120320K, used 51110K [0x0000000080000000, 0x0000000087580000, 0x00000000d5580000)
  object space 120320K, 42% used [0x0000000080000000,0x00000000831e9948,0x0000000087580000)
 Metaspace       used 83131K, capacity 86700K, committed 87064K, reserved 1124352K
  class space    used 11053K, capacity 11759K, committed 11824K, reserved 1048576K
GC Heap History (10 events):
Event: 3.589 GC heap after
Heap after GC invocations=10 (full 2):
 PSYoungGen      total 236544K, used 0K [0x00000000d5580000, 0x00000000e4b80000, 0x0000000100000000)
  eden space 222208K, 0% used [0x00000000d5580000,0x00000000d5580000,0x00000000e2e80000)
  from space 14336K, 0% used [0x00000000e3c80000,0x00000000e3c80000,0x00000000e4a80000)
  to   space 14336K, 0% used [0x00000000e2e80000,0x00000000e2e80000,0x00000000e3c80000)
 ParOldGen       total 75776K, used 15691K [0x0000000080000000, 0x0000000084a00000, 0x00000000d5580000)
  object space 75776K, 20% used [0x0000000080000000,0x0000000080f52ec8,0x0000000084a00000)
 Metaspace       used 34281K, capacity 35406K, committed 35496K, reserved 1079296K
  class space    used 4719K, capacity 5004K, committed 5040K, reserved 1048576K
}
Event: 5.102 GC heap before
{Heap before GC invocations=11 (full 2):
 PSYoungGen      total 236544K, used 222208K [0x00000000d5580000, 0x00000000e4b80000, 0x0000000100000000)
  eden space 222208K, 100% used [0x00000000d5580000,0x00000000e2e80000,0x00000000e2e80000)
  from space 14336K, 0% used [0x00000000e3c80000,0x00000000e3c80000,0x00000000e4a80000)
  to   space 14336K, 0% used [0x00000000e2e80000,0x00000000e2e80000,0x00000000e3c80000)
 ParOldGen       total 75776K, used 15691K [0x0000000080000000, 0x0000000084a00000, 0x00000000d5580000)
  object space 75776K, 20% used [0x0000000080000000,0x0000000080f52ec8,0x0000000084a00000)
 Metaspace       used 45262K, capacity 47070K, committed 47272K, reserved 1089536K
  class space    used 6118K, capacity 6489K, committed 6576K, reserved 1048576K
Event: 5.115 GC heap after
Heap after GC invocations=11 (full 2):
 PSYoungGen      total 236544K, used 14324K [0x00000000d5580000, 0x00000000e9880000, 0x0000000100000000)
  eden space 222208K, 0% used [0x00000000d5580000,0x00000000d5580000,0x00000000e2e80000)
  from space 14336K, 99% used [0x00000000e2e80000,0x00000000e3c7d3b8,0x00000000e3c80000)
  to   space 17408K, 0% used [0x00000000e8780000,0x00000000e8780000,0x00000000e9880000)
 ParOldGen       total 75776K, used 17800K [0x0000000080000000, 0x0000000084a00000, 0x00000000d5580000)
  object space 75776K, 23% used [0x0000000080000000,0x0000000081162028,0x0000000084a00000)
 Metaspace       used 45262K, capacity 47070K, committed 47272K, reserved 1089536K
  class space    used 6118K, capacity 6489K, committed 6576K, reserved 1048576K
}
Event: 6.690 GC heap before
{Heap before GC invocations=12 (full 2):
 PSYoungGen      total 236544K, used 166250K [0x00000000d5580000, 0x00000000e9880000, 0x0000000100000000)
  eden space 222208K, 68% used [0x00000000d5580000,0x00000000de9dd640,0x00000000e2e80000)
  from space 14336K, 99% used [0x00000000e2e80000,0x00000000e3c7d3b8,0x00000000e3c80000)
  to   space 17408K, 0% used [0x00000000e8780000,0x00000000e8780000,0x00000000e9880000)
 ParOldGen       total 75776K, used 17800K [0x0000000080000000, 0x0000000084a00000, 0x00000000d5580000)
  object space 75776K, 23% used [0x0000000080000000,0x0000000081162028,0x0000000084a00000)
 Metaspace       used 56754K, capacity 59044K, committed 59160K, reserved 1099776K
  class space    used 7681K, capacity 8157K, committed 8240K, reserved 1048576K
Event: 6.713 GC heap after
Heap after GC invocations=12 (full 2):
 PSYoungGen      total 307712K, used 17405K [0x00000000d5580000, 0x00000000e9e80000, 0x0000000100000000)
  eden space 290304K, 0% used [0x00000000d5580000,0x00000000d5580000,0x00000000e7100000)
  from space 17408K, 99% used [0x00000000e8780000,0x00000000e987f520,0x00000000e9880000)
  to   space 23040K, 0% used [0x00000000e7100000,0x00000000e7100000,0x00000000e8780000)
 ParOldGen       total 75776K, used 26361K [0x0000000080000000, 0x0000000084a00000, 0x00000000d5580000)
  object space 75776K, 34% used [0x0000000080000000,0x00000000819be6c8,0x0000000084a00000)
 Metaspace       used 56754K, capacity 59044K, committed 59160K, reserved 1099776K
  class space    used 7681K, capacity 8157K, committed 8240K, reserved 1048576K
}
Event: 6.713 GC heap before
{Heap before GC invocations=13 (full 3):
 PSYoungGen      total 307712K, used 17405K [0x00000000d5580000, 0x00000000e9e80000, 0x0000000100000000)
  eden space 290304K, 0% used [0x00000000d5580000,0x00000000d5580000,0x00000000e7100000)
  from space 17408K, 99% used [0x00000000e8780000,0x00000000e987f520,0x00000000e9880000)
  to   space 23040K, 0% used [0x00000000e7100000,0x00000000e7100000,0x00000000e8780000)
 ParOldGen       total 75776K, used 26361K [0x0000000080000000, 0x0000000084a00000, 0x00000000d5580000)
  object space 75776K, 34% used [0x0000000080000000,0x00000000819be6c8,0x0000000084a00000)
 Metaspace       used 56754K, capacity 59044K, committed 59160K, reserved 1099776K
  class space    used 7681K, capacity 8157K, committed 8240K, reserved 1048576K
Event: 6.971 GC heap after
Heap after GC invocations=13 (full 3):
 PSYoungGen      total 307712K, used 0K [0x00000000d5580000, 0x00000000e9e80000, 0x0000000100000000)
  eden space 290304K, 0% used [0x00000000d5580000,0x00000000d5580000,0x00000000e7100000)
  from space 17408K, 0% used [0x00000000e8780000,0x00000000e8780000,0x00000000e9880000)
  to   space 23040K, 0% used [0x00000000e7100000,0x00000000e7100000,0x00000000e8780000)
 ParOldGen       total 120320K, used 38237K [0x0000000080000000, 0x0000000087580000, 0x00000000d5580000)
  object space 120320K, 31% used [0x0000000080000000,0x00000000825575e0,0x0000000087580000)
 Metaspace       used 56721K, capacity 58930K, committed 59160K, reserved 1099776K
  class space    used 7670K, capacity 8138K, committed 8240K, reserved 1048576K
}
Event: 10.059 GC heap before
{Heap before GC invocations=14 (full 3):
 PSYoungGen      total 307712K, used 290304K [0x00000000d5580000, 0x00000000e9e80000, 0x0000000100000000)
  eden space 290304K, 100% used [0x00000000d5580000,0x00000000e7100000,0x00000000e7100000)
  from space 17408K, 0% used [0x00000000e8780000,0x00000000e8780000,0x00000000e9880000)
  to   space 23040K, 0% used [0x00000000e7100000,0x00000000e7100000,0x00000000e8780000)
 ParOldGen       total 120320K, used 38237K [0x0000000080000000, 0x0000000087580000, 0x00000000d5580000)
  object space 120320K, 31% used [0x0000000080000000,0x00000000825575e0,0x0000000087580000)
 Metaspace       used 69753K, capacity 72872K, committed 73240K, reserved 1112064K
  class space    used 9550K, capacity 10167K, committed 10288K, reserved 1048576K
Event: 10.088 GC heap after
Heap after GC invocations=14 (full 3):
 PSYoungGen      total 313344K, used 23035K [0x00000000d5580000, 0x00000000ee100000, 0x0000000100000000)
  eden space 290304K, 0% used [0x00000000d5580000,0x00000000d5580000,0x00000000e7100000)
  from space 23040K, 99% used [0x00000000e7100000,0x00000000e877eeb8,0x00000000e8780000)
  to   space 26624K, 0% used [0x00000000ec700000,0x00000000ec700000,0x00000000ee100000)
 ParOldGen       total 120320K, used 39582K [0x0000000080000000, 0x0000000087580000, 0x00000000d5580000)
  object space 120320K, 32% used [0x0000000080000000,0x00000000826a7b88,0x0000000087580000)
 Metaspace       used 69753K, capacity 72872K, committed 73240K, reserved 1112064K
  class space    used 9550K, capacity 10167K, committed 10288K, reserved 1048576K
}
Event: 18.094 GC heap before
{Heap before GC invocations=15 (full 3):
 PSYoungGen      total 313344K, used 313339K [0x00000000d5580000, 0x00000000ee100000, 0x0000000100000000)
  eden space 290304K, 100% used [0x00000000d5580000,0x00000000e7100000,0x00000000e7100000)
  from space 23040K, 99% used [0x00000000e7100000,0x00000000e877eeb8,0x00000000e8780000)
  to   space 26624K, 0% used [0x00000000ec700000,0x00000000ec700000,0x00000000ee100000)
 ParOldGen       total 120320K, used 39582K [0x0000000080000000, 0x0000000087580000, 0x00000000d5580000)
  object space 120320K, 32% used [0x0000000080000000,0x00000000826a7b88,0x0000000087580000)
 Metaspace       used 83131K, capacity 86700K, committed 87064K, reserved 1124352K
  class space    used 11053K, capacity 11759K, committed 11824K, reserved 1048576K

