# JRE version: OpenJDK Runtime Environment (8.0_242-b01) (build 1.8.0_242-release-1644-b01)
# Java VM: OpenJDK 64-Bit Server VM (25.242-b01 mixed mode windows-amd64 compressed oops)
Heap:
 PSYoungGen      total 424960K, used 245340K [0x00000000d5580000, 0x00000000f2e00000, 0x0000000100000000)
  eden space 388608K, 63% used [0x00000000d5580000,0x00000000e4517328,0x00000000ed100000)
  from space 36352K, 0% used [0x00000000ef480000,0x00000000ef480000,0x00000000f1800000)
  to   space 36352K, 0% used [0x00000000ed100000,0x00000000ed100000,0x00000000ef480000)
 ParOldGen       total 167936K, used 67417K [0x0000000080000000, 0x000000008a400000, 0x00000000d5580000)
  object space 167936K, 40% used [0x0000000080000000,0x00000000841d6588,0x000000008a400000)
 Metaspace       used 109851K, capacity 115800K, committed 115992K, reserved 1148928K
  class space    used 14484K, capacity 15662K, committed 15664K, reserved 1048576K
GC Heap History (10 events):
Event: 14.326 GC heap before
{Heap before GC invocations=16 (full 3):
 PSYoungGen      total 268288K, used 248832K [0x00000000d5580000, 0x00000000e6f80000, 0x0000000100000000)
  eden space 248832K, 100% used [0x00000000d5580000,0x00000000e4880000,0x00000000e4880000)
  from space 19456K, 0% used [0x00000000e5c80000,0x00000000e5c80000,0x00000000e6f80000)
  to   space 19968K, 0% used [0x00000000e4880000,0x00000000e4880000,0x00000000e5c00000)
 ParOldGen       total 101888K, used 30498K [0x0000000080000000, 0x0000000086380000, 0x00000000d5580000)
  object space 101888K, 29% used [0x0000000080000000,0x0000000081dc88f8,0x0000000086380000)
 Metaspace       used 68406K, capacity 71762K, committed 71960K, reserved 1112064K
  class space    used 9389K, capacity 10030K, committed 10032K, reserved 1048576K
Event: 14.350 GC heap after
Heap after GC invocations=16 (full 3):
 PSYoungGen      total 268800K, used 19945K [0x00000000d5580000, 0x00000000ec700000, 0x0000000100000000)
  eden space 248832K, 0% used [0x00000000d5580000,0x00000000d5580000,0x00000000e4880000)
  from space 19968K, 99% used [0x00000000e4880000,0x00000000e5bfa4f0,0x00000000e5c00000)
  to   space 26624K, 0% used [0x00000000ead00000,0x00000000ead00000,0x00000000ec700000)
 ParOldGen       total 101888K, used 40071K [0x0000000080000000, 0x0000000086380000, 0x00000000d5580000)
  object space 101888K, 39% used [0x0000000080000000,0x0000000082721f18,0x0000000086380000)
 Metaspace       used 68406K, capacity 71762K, committed 71960K, reserved 1112064K
  class space    used 9389K, capacity 10030K, committed 10032K, reserved 1048576K
}
Event: 18.259 GC heap before
{Heap before GC invocations=17 (full 3):
 PSYoungGen      total 268800K, used 268777K [0x00000000d5580000, 0x00000000ec700000, 0x0000000100000000)
  eden space 248832K, 100% used [0x00000000d5580000,0x00000000e4880000,0x00000000e4880000)
  from space 19968K, 99% used [0x00000000e4880000,0x00000000e5bfa4f0,0x00000000e5c00000)
  to   space 26624K, 0% used [0x00000000ead00000,0x00000000ead00000,0x00000000ec700000)
 ParOldGen       total 101888K, used 40071K [0x0000000080000000, 0x0000000086380000, 0x00000000d5580000)
  object space 101888K, 39% used [0x0000000080000000,0x0000000082721f18,0x0000000086380000)
 Metaspace       used 74676K, capacity 78294K, committed 78488K, reserved 1116160K
  class space    used 10129K, capacity 10832K, committed 10928K, reserved 1048576K
Event: 18.278 GC heap after
Heap after GC invocations=17 (full 3):
 PSYoungGen      total 336384K, used 18497K [0x00000000d5580000, 0x00000000ec100000, 0x0000000100000000)
  eden space 315904K, 0% used [0x00000000d5580000,0x00000000d5580000,0x00000000e8a00000)
  from space 20480K, 90% used [0x00000000ead00000,0x00000000ebf107d8,0x00000000ec100000)
  to   space 28160K, 0% used [0x00000000e8a00000,0x00000000e8a00000,0x00000000ea580000)
 ParOldGen       total 101888K, used 58066K [0x0000000080000000, 0x0000000086380000, 0x00000000d5580000)
  object space 101888K, 56% used [0x0000000080000000,0x00000000838b49a0,0x0000000086380000)
 Metaspace       used 74676K, capacity 78294K, committed 78488K, reserved 1116160K
  class space    used 10129K, capacity 10832K, committed 10928K, reserved 1048576K
}
Event: 36.752 GC heap before
{Heap before GC invocations=18 (full 3):
 PSYoungGen      total 336384K, used 334401K [0x00000000d5580000, 0x00000000ec100000, 0x0000000100000000)
  eden space 315904K, 100% used [0x00000000d5580000,0x00000000e8a00000,0x00000000e8a00000)
  from space 20480K, 90% used [0x00000000ead00000,0x00000000ebf107d8,0x00000000ec100000)
  to   space 28160K, 0% used [0x00000000e8a00000,0x00000000e8a00000,0x00000000ea580000)
 ParOldGen       total 101888K, used 58066K [0x0000000080000000, 0x0000000086380000, 0x00000000d5580000)
  object space 101888K, 56% used [0x0000000080000000,0x00000000838b49a0,0x0000000086380000)
 Metaspace       used 94116K, capacity 98062K, committed 98328K, reserved 1134592K
  class space    used 12274K, capacity 13010K, committed 13104K, reserved 1048576K
Event: 36.783 GC heap after
Heap after GC invocations=18 (full 3):
 PSYoungGen      total 344064K, used 28135K [0x00000000d5580000, 0x00000000f1800000, 0x0000000100000000)
  eden space 315904K, 0% used [0x00000000d5580000,0x00000000d5580000,0x00000000e8a00000)
  from space 28160K, 99% used [0x00000000e8a00000,0x00000000ea579d30,0x00000000ea580000)
  to   space 36352K, 0% used [0x00000000ef480000,0x00000000ef480000,0x00000000f1800000)
 ParOldGen       total 101888K, used 68071K [0x0000000080000000, 0x0000000086380000, 0x00000000d5580000)
  object space 101888K, 66% used [0x0000000080000000,0x0000000084279fb0,0x0000000086380000)
 Metaspace       used 94116K, capacity 98062K, committed 98328K, reserved 1134592K
  class space    used 12274K, capacity 13010K, committed 13104K, reserved 1048576K
}
Event: 37.019 GC heap before
{Heap before GC invocations=19 (full 3):
 PSYoungGen      total 344064K, used 52275K [0x00000000d5580000, 0x00000000f1800000, 0x0000000100000000)
  eden space 315904K, 7% used [0x00000000d5580000,0x00000000d6d13110,0x00000000e8a00000)
  from space 28160K, 99% used [0x00000000e8a00000,0x00000000ea579d30,0x00000000ea580000)
  to   space 36352K, 0% used [0x00000000ef480000,0x00000000ef480000,0x00000000f1800000)
 ParOldGen       total 101888K, used 68071K [0x0000000080000000, 0x0000000086380000, 0x00000000d5580000)
  object space 101888K, 66% used [0x0000000080000000,0x0000000084279fb0,0x0000000086380000)
 Metaspace       used 94439K, capacity 98476K, committed 98584K, reserved 1134592K
  class space    used 12322K, capacity 13056K, committed 13104K, reserved 1048576K
Event: 37.039 GC heap after
Heap after GC invocations=19 (full 3):
 PSYoungGen      total 424960K, used 2192K [0x00000000d5580000, 0x00000000f2e00000, 0x0000000100000000)
  eden space 388608K, 0% used [0x00000000d5580000,0x00000000d5580000,0x00000000ed100000)
  from space 36352K, 6% used [0x00000000ef480000,0x00000000ef6a4020,0x00000000f1800000)
  to   space 36352K, 0% used [0x00000000ed100000,0x00000000ed100000,0x00000000ef480000)
 ParOldGen       total 101888K, used 94316K [0x0000000080000000, 0x0000000086380000, 0x00000000d5580000)
  object space 101888K, 92% used [0x0000000080000000,0x0000000085c1b348,0x0000000086380000)
 Metaspace       used 94439K, capacity 98476K, committed 98584K, reserved 1134592K
  class space    used 12322K, capacity 13056K, committed 13104K, reserved 1048576K
}
Event: 37.039 GC heap before
{Heap before GC invocations=20 (full 4):
 PSYoungGen      total 424960K, used 2192K [0x00000000d5580000, 0x00000000f2e00000, 0x0000000100000000)
  eden space 388608K, 0% used [0x00000000d5580000,0x00000000d5580000,0x00000000ed100000)
  from space 36352K, 6% used [0x00000000ef480000,0x00000000ef6a4020,0x00000000f1800000)
  to   space 36352K, 0% used [0x00000000ed100000,0x00000000ed100000,0x00000000ef480000)
 ParOldGen       total 101888K, used 94316K [0x0000000080000000, 0x0000000086380000, 0x00000000d5580000)
  object space 101888K, 92% used [0x0000000080000000,0x0000000085c1b348,0x0000000086380000)
 Metaspace       used 94439K, capacity 98476K, committed 98584K, reserved 1134592K
  class space    used 12322K, capacity 13056K, committed 13104K, reserved 1048576K
Event: 37.216 GC heap after
Heap after GC invocations=20 (full 4):
 PSYoungGen      total 424960K, used 0K [0x00000000d5580000, 0x00000000f2e00000, 0x0000000100000000)
  eden space 388608K, 0% used [0x00000000d5580000,0x00000000d5580000,0x00000000ed100000)
  from space 36352K, 0% used [0x00000000ef480000,0x00000000ef480000,0x00000000f1800000)
  to   space 36352K, 0% used [0x00000000ed100000,0x00000000ed100000,0x00000000ef480000)
 ParOldGen       total 167936K, used 67417K [0x0000000080000000, 0x000000008a400000, 0x00000000d5580000)
  object space 167936K, 40% used [0x0000000080000000,0x00000000841d6588,0x000000008a400000)
 Metaspace       used 94177K, capacity 97694K, committed 98584K, reserved 1134592K
  class space    used 12238K, capacity 12907K, committed 13104K, reserved 1048576K
}

