# JRE version: OpenJDK Runtime Environment (8.0_242) (build 1.8.0_242-release-1644-b3-6222593)
# Java VM: OpenJDK 64-Bit Server VM (25.242-b3-6222593 mixed mode linux-amd64 compressed oops)
Heap:
 PSYoungGen      total 496128K, used 34619K [0x00000000d5580000, 0x00000000ff880000, 0x0000000100000000)
  eden space 461312K, 0% used [0x00000000d5580000,0x00000000d5580000,0x00000000f1800000)
  from space 34816K, 99% used [0x00000000f1800000,0x00000000f39ced18,0x00000000f3a00000)
  to   space 114176K, 0% used [0x00000000f8900000,0x00000000f8900000,0x00000000ff880000)
 ParOldGen       total 229888K, used 211634K [0x0000000080000000, 0x000000008e080000, 0x00000000d5580000)
  object space 229888K, 92% used [0x0000000080000000,0x000000008ceaca40,0x000000008e080000)
 Metaspace       used 128047K, capacity 134588K, committed 134732K, reserved 1167360K
  class space    used 16197K, capacity 17498K, committed 17536K, reserved 1048576K
GC Heap History (10 events):
Event: 179.778 GC heap after
Heap after GC invocations=25 (full 4):
 PSYoungGen      total 621056K, used 77808K [0x00000000d5580000, 0x0000000100000000, 0x0000000100000000)
  eden space 543232K, 0% used [0x00000000d5580000,0x00000000d5580000,0x00000000f6800000)
  from space 77824K, 99% used [0x00000000f6800000,0x00000000fb3fc340,0x00000000fb400000)
  to   space 77824K, 0% used [0x00000000fb400000,0x00000000fb400000,0x0000000100000000)
 ParOldGen       total 229888K, used 141012K [0x0000000080000000, 0x000000008e080000, 0x00000000d5580000)
  object space 229888K, 61% used [0x0000000080000000,0x00000000889b5268,0x000000008e080000)
 Metaspace       used 126834K, capacity 133276K, committed 133452K, reserved 1165312K
  class space    used 16159K, capacity 17464K, committed 17536K, reserved 1048576K
}
Event: 180.804 GC heap before
{Heap before GC invocations=26 (full 4):
 PSYoungGen      total 621056K, used 621040K [0x00000000d5580000, 0x0000000100000000, 0x0000000100000000)
  eden space 543232K, 100% used [0x00000000d5580000,0x00000000f6800000,0x00000000f6800000)
  from space 77824K, 99% used [0x00000000f6800000,0x00000000fb3fc340,0x00000000fb400000)
  to   space 77824K, 0% used [0x00000000fb400000,0x00000000fb400000,0x0000000100000000)
 ParOldGen       total 229888K, used 141012K [0x0000000080000000, 0x000000008e080000, 0x00000000d5580000)
  object space 229888K, 61% used [0x0000000080000000,0x00000000889b5268,0x000000008e080000)
 Metaspace       used 127097K, capacity 133590K, committed 133708K, reserved 1165312K
  class space    used 16190K, capacity 17493K, committed 17536K, reserved 1048576K
Event: 180.868 GC heap after
Heap after GC invocations=26 (full 4):
 PSYoungGen      total 565760K, used 77821K [0x00000000d5580000, 0x0000000100000000, 0x0000000100000000)
  eden space 487936K, 0% used [0x00000000d5580000,0x00000000d5580000,0x00000000f3200000)
  from space 77824K, 99% used [0x00000000fb400000,0x00000000fffff7f0,0x0000000100000000)
  to   space 105472K, 0% used [0x00000000f3200000,0x00000000f3200000,0x00000000f9900000)
 ParOldGen       total 229888K, used 152603K [0x0000000080000000, 0x000000008e080000, 0x00000000d5580000)
  object space 229888K, 66% used [0x0000000080000000,0x0000000089506e78,0x000000008e080000)
 Metaspace       used 127097K, capacity 133590K, committed 133708K, reserved 1165312K
  class space    used 16190K, capacity 17493K, committed 17536K, reserved 1048576K
}
Event: 181.635 GC heap before
{Heap before GC invocations=27 (full 4):
 PSYoungGen      total 565760K, used 565757K [0x00000000d5580000, 0x0000000100000000, 0x0000000100000000)
  eden space 487936K, 100% used [0x00000000d5580000,0x00000000f3200000,0x00000000f3200000)
  from space 77824K, 99% used [0x00000000fb400000,0x00000000fffff7f0,0x0000000100000000)
  to   space 105472K, 0% used [0x00000000f3200000,0x00000000f3200000,0x00000000f9900000)
 ParOldGen       total 229888K, used 152603K [0x0000000080000000, 0x000000008e080000, 0x00000000d5580000)
  object space 229888K, 66% used [0x0000000080000000,0x0000000089506e78,0x000000008e080000)
 Metaspace       used 127408K, capacity 133870K, committed 133964K, reserved 1165312K
  class space    used 16194K, capacity 17497K, committed 17536K, reserved 1048576K
Event: 181.686 GC heap after
Heap after GC invocations=27 (full 4):
 PSYoungGen      total 579584K, used 91203K [0x00000000d5580000, 0x0000000100000000, 0x0000000100000000)
  eden space 487936K, 0% used [0x00000000d5580000,0x00000000d5580000,0x00000000f3200000)
  from space 91648K, 99% used [0x00000000f3200000,0x00000000f8b10d18,0x00000000f8b80000)
  to   space 117248K, 0% used [0x00000000f8d80000,0x00000000f8d80000,0x0000000100000000)
 ParOldGen       total 229888K, used 152603K [0x0000000080000000, 0x000000008e080000, 0x00000000d5580000)
  object space 229888K, 66% used [0x0000000080000000,0x0000000089506e78,0x000000008e080000)
 Metaspace       used 127408K, capacity 133870K, committed 133964K, reserved 1165312K
  class space    used 16194K, capacity 17497K, committed 17536K, reserved 1048576K
}
Event: 182.440 GC heap before
{Heap before GC invocations=28 (full 4):
 PSYoungGen      total 579584K, used 579139K [0x00000000d5580000, 0x0000000100000000, 0x0000000100000000)
  eden space 487936K, 100% used [0x00000000d5580000,0x00000000f3200000,0x00000000f3200000)
  from space 91648K, 99% used [0x00000000f3200000,0x00000000f8b10d18,0x00000000f8b80000)
  to   space 117248K, 0% used [0x00000000f8d80000,0x00000000f8d80000,0x0000000100000000)
 ParOldGen       total 229888K, used 152603K [0x0000000080000000, 0x000000008e080000, 0x00000000d5580000)
  object space 229888K, 66% used [0x0000000080000000,0x0000000089506e78,0x000000008e080000)
 Metaspace       used 127780K, capacity 134356K, committed 134476K, reserved 1167360K
  class space    used 16195K, capacity 17498K, committed 17536K, reserved 1048576K
Event: 182.503 GC heap after
Heap after GC invocations=28 (full 4):
 PSYoungGen      total 578560K, used 69317K [0x00000000d5580000, 0x0000000100000000, 0x0000000100000000)
  eden space 461312K, 0% used [0x00000000d5580000,0x00000000d5580000,0x00000000f1800000)
  from space 117248K, 59% used [0x00000000f8d80000,0x00000000fd131768,0x0000000100000000)
  to   space 118784K, 0% used [0x00000000f1800000,0x00000000f1800000,0x00000000f8c00000)
 ParOldGen       total 229888K, used 176188K [0x0000000080000000, 0x000000008e080000, 0x00000000d5580000)
  object space 229888K, 76% used [0x0000000080000000,0x000000008ac0f168,0x000000008e080000)
 Metaspace       used 127780K, capacity 134356K, committed 134476K, reserved 1167360K
  class space    used 16195K, capacity 17498K, committed 17536K, reserved 1048576K
}
Event: 183.167 GC heap before
{Heap before GC invocations=29 (full 4):
 PSYoungGen      total 578560K, used 530629K [0x00000000d5580000, 0x0000000100000000, 0x0000000100000000)
  eden space 461312K, 100% used [0x00000000d5580000,0x00000000f1800000,0x00000000f1800000)
  from space 117248K, 59% used [0x00000000f8d80000,0x00000000fd131768,0x0000000100000000)
  to   space 118784K, 0% used [0x00000000f1800000,0x00000000f1800000,0x00000000f8c00000)
 ParOldGen       total 229888K, used 176188K [0x0000000080000000, 0x000000008e080000, 0x00000000d5580000)
  object space 229888K, 76% used [0x0000000080000000,0x000000008ac0f168,0x000000008e080000)
 Metaspace       used 128047K, capacity 134588K, committed 134732K, reserved 1167360K
  class space    used 16197K, capacity 17498K, committed 17536K, reserved 1048576K
Event: 183.219 GC heap after
Heap after GC invocations=29 (full 4):
 PSYoungGen      total 496128K, used 34619K [0x00000000d5580000, 0x00000000ff880000, 0x0000000100000000)
  eden space 461312K, 0% used [0x00000000d5580000,0x00000000d5580000,0x00000000f1800000)
  from space 34816K, 99% used [0x00000000f1800000,0x00000000f39ced18,0x00000000f3a00000)
  to   space 114176K, 0% used [0x00000000f8900000,0x00000000f8900000,0x00000000ff880000)
 ParOldGen       total 229888K, used 211634K [0x0000000080000000, 0x000000008e080000, 0x00000000d5580000)
  object space 229888K, 92% used [0x0000000080000000,0x000000008ceaca40,0x000000008e080000)
 Metaspace       used 128047K, capacity 134588K, committed 134732K, reserved 1167360K
  class space    used 16197K, capacity 17498K, committed 17536K, reserved 1048576K
}
Event: 183.219 GC heap before
{Heap before GC invocations=30 (full 5):
 PSYoungGen      total 496128K, used 34619K [0x00000000d5580000, 0x00000000ff880000, 0x0000000100000000)
  eden space 461312K, 0% used [0x00000000d5580000,0x00000000d5580000,0x00000000f1800000)
  from space 34816K, 99% used [0x00000000f1800000,0x00000000f39ced18,0x00000000f3a00000)
  to   space 114176K, 0% used [0x00000000f8900000,0x00000000f8900000,0x00000000ff880000)
 ParOldGen       total 229888K, used 211634K [0x0000000080000000, 0x000000008e080000, 0x00000000d5580000)
  object space 229888K, 92% used [0x0000000080000000,0x000000008ceaca40,0x000000008e080000)
 Metaspace       used 128047K, capacity 134588K, committed 134732K, reserved 1167360K
  class space    used 16197K, capacity 17498K, committed 17536K, reserved 1048576K

