# JRE version: OpenJDK Runtime Environment (8.0_242) (build 1.8.0_242-release-1644-b3-6222593)
# Java VM: OpenJDK 64-Bit Server VM (25.242-b3-6222593 mixed mode linux-amd64 compressed oops)
Heap:
 PSYoungGen      total 364544K, used 89488K [0x00000000d5580000, 0x00000000f2800000, 0x0000000100000000)
  eden space 346112K, 25% used [0x00000000d5580000,0x00000000dace4338,0x00000000ea780000)
  from space 18432K, 0% used [0x00000000ea780000,0x00000000ea780000,0x00000000eb980000)
  to   space 24064K, 0% used [0x00000000f1080000,0x00000000f1080000,0x00000000f2800000)
 ParOldGen       total 135168K, used 37954K [0x0000000080000000, 0x0000000088400000, 0x00000000d5580000)
  object space 135168K, 28% used [0x0000000080000000,0x00000000825109f0,0x0000000088400000)
 Metaspace       used 62101K, capacity 64512K, committed 64664K, reserved 1105920K
  class space    used 8550K, capacity 9055K, committed 9136K, reserved 1048576K
GC Heap History (10 events):
Event: 2.554 GC heap before
{Heap before GC invocations=8 (full 1):
 PSYoungGen      total 222720K, used 60002K [0x00000000d5580000, 0x00000000e6680000, 0x0000000100000000)
  eden space 209920K, 22% used [0x00000000d5580000,0x00000000d839eff8,0x00000000e2280000)
  from space 12800K, 99% used [0x00000000e5a00000,0x00000000e6679be8,0x00000000e6680000)
  to   space 15872K, 0% used [0x00000000e4780000,0x00000000e4780000,0x00000000e5700000)
 ParOldGen       total 55808K, used 8084K [0x0000000080000000, 0x0000000083680000, 0x00000000d5580000)
  object space 55808K, 14% used [0x0000000080000000,0x00000000807e5290,0x0000000083680000)
 Metaspace       used 34337K, capacity 35410K, committed 35496K, reserved 1079296K
  class space    used 4726K, capacity 5004K, committed 5040K, reserved 1048576K
Event: 2.564 GC heap after
Heap after GC invocations=8 (full 1):
 PSYoungGen      total 263680K, used 9437K [0x00000000d5580000, 0x00000000ec880000, 0x0000000100000000)
  eden space 247808K, 0% used [0x00000000d5580000,0x00000000d5580000,0x00000000e4780000)
  from space 15872K, 59% used [0x00000000e4780000,0x00000000e50b7620,0x00000000e5700000)
  to   space 15360K, 0% used [0x00000000eb980000,0x00000000eb980000,0x00000000ec880000)
 ParOldGen       total 55808K, used 8084K [0x0000000080000000, 0x0000000083680000, 0x00000000d5580000)
  object space 55808K, 14% used [0x0000000080000000,0x00000000807e5290,0x0000000083680000)
 Metaspace       used 34337K, capacity 35410K, committed 35496K, reserved 1079296K
  class space    used 4726K, capacity 5004K, committed 5040K, reserved 1048576K
}
Event: 2.564 GC heap before
{Heap before GC invocations=9 (full 2):
 PSYoungGen      total 263680K, used 9437K [0x00000000d5580000, 0x00000000ec880000, 0x0000000100000000)
  eden space 247808K, 0% used [0x00000000d5580000,0x00000000d5580000,0x00000000e4780000)
  from space 15872K, 59% used [0x00000000e4780000,0x00000000e50b7620,0x00000000e5700000)
  to   space 15360K, 0% used [0x00000000eb980000,0x00000000eb980000,0x00000000ec880000)
 ParOldGen       total 55808K, used 8084K [0x0000000080000000, 0x0000000083680000, 0x00000000d5580000)
  object space 55808K, 14% used [0x0000000080000000,0x00000000807e5290,0x0000000083680000)
 Metaspace       used 34337K, capacity 35410K, committed 35496K, reserved 1079296K
  class space    used 4726K, capacity 5004K, committed 5040K, reserved 1048576K
Event: 2.669 GC heap after
Heap after GC invocations=9 (full 2):
 PSYoungGen      total 263680K, used 0K [0x00000000d5580000, 0x00000000ec880000, 0x0000000100000000)
  eden space 247808K, 0% used [0x00000000d5580000,0x00000000d5580000,0x00000000e4780000)
  from space 15872K, 0% used [0x00000000e4780000,0x00000000e4780000,0x00000000e5700000)
  to   space 15360K, 0% used [0x00000000eb980000,0x00000000eb980000,0x00000000ec880000)
 ParOldGen       total 86528K, used 15632K [0x0000000080000000, 0x0000000085480000, 0x00000000d5580000)
  object space 86528K, 18% used [0x0000000080000000,0x0000000080f44070,0x0000000085480000)
 Metaspace       used 34337K, capacity 35410K, committed 35496K, reserved 1079296K
  class space    used 4726K, capacity 5004K, committed 5040K, reserved 1048576K
}
Event: 3.836 GC heap before
{Heap before GC invocations=10 (full 2):
 PSYoungGen      total 263680K, used 247808K [0x00000000d5580000, 0x00000000ec880000, 0x0000000100000000)
  eden space 247808K, 100% used [0x00000000d5580000,0x00000000e4780000,0x00000000e4780000)
  from space 15872K, 0% used [0x00000000e4780000,0x00000000e4780000,0x00000000e5700000)
  to   space 15360K, 0% used [0x00000000eb980000,0x00000000eb980000,0x00000000ec880000)
 ParOldGen       total 86528K, used 15632K [0x0000000080000000, 0x0000000085480000, 0x00000000d5580000)
  object space 86528K, 18% used [0x0000000080000000,0x0000000080f44070,0x0000000085480000)
 Metaspace       used 45872K, capacity 47770K, committed 48168K, reserved 1091584K
  class space    used 6205K, capacity 6589K, committed 6704K, reserved 1048576K
Event: 3.850 GC heap after
Heap after GC invocations=10 (full 2):
 PSYoungGen      total 361472K, used 15335K [0x00000000d5580000, 0x00000000ece00000, 0x0000000100000000)
  eden space 346112K, 0% used [0x00000000d5580000,0x00000000d5580000,0x00000000ea780000)
  from space 15360K, 99% used [0x00000000eb980000,0x00000000ec879d90,0x00000000ec880000)
  to   space 18432K, 0% used [0x00000000ea780000,0x00000000ea780000,0x00000000eb980000)
 ParOldGen       total 86528K, used 17666K [0x0000000080000000, 0x0000000085480000, 0x00000000d5580000)
  object space 86528K, 20% used [0x0000000080000000,0x0000000081140b60,0x0000000085480000)
 Metaspace       used 45872K, capacity 47770K, committed 48168K, reserved 1091584K
  class space    used 6205K, capacity 6589K, committed 6704K, reserved 1048576K
}
Event: 4.988 GC heap before
{Heap before GC invocations=11 (full 2):
 PSYoungGen      total 361472K, used 160341K [0x00000000d5580000, 0x00000000ece00000, 0x0000000100000000)
  eden space 346112K, 41% used [0x00000000d5580000,0x00000000de31b810,0x00000000ea780000)
  from space 15360K, 99% used [0x00000000eb980000,0x00000000ec879d90,0x00000000ec880000)
  to   space 18432K, 0% used [0x00000000ea780000,0x00000000ea780000,0x00000000eb980000)
 ParOldGen       total 86528K, used 17666K [0x0000000080000000, 0x0000000085480000, 0x00000000d5580000)
  object space 86528K, 20% used [0x0000000080000000,0x0000000081140b60,0x0000000085480000)
 Metaspace       used 56790K, capacity 59054K, committed 59160K, reserved 1099776K
  class space    used 7688K, capacity 8158K, committed 8240K, reserved 1048576K
Event: 5.024 GC heap after
Heap after GC invocations=11 (full 2):
 PSYoungGen      total 364544K, used 18415K [0x00000000d5580000, 0x00000000f2800000, 0x0000000100000000)
  eden space 346112K, 0% used [0x00000000d5580000,0x00000000d5580000,0x00000000ea780000)
  from space 18432K, 99% used [0x00000000ea780000,0x00000000eb97bec0,0x00000000eb980000)
  to   space 24064K, 0% used [0x00000000f1080000,0x00000000f1080000,0x00000000f2800000)
 ParOldGen       total 86528K, used 24907K [0x0000000080000000, 0x0000000085480000, 0x00000000d5580000)
  object space 86528K, 28% used [0x0000000080000000,0x0000000081852c00,0x0000000085480000)
 Metaspace       used 56790K, capacity 59054K, committed 59160K, reserved 1099776K
  class space    used 7688K, capacity 8158K, committed 8240K, reserved 1048576K
}
Event: 5.024 GC heap before
{Heap before GC invocations=12 (full 3):
 PSYoungGen      total 364544K, used 18415K [0x00000000d5580000, 0x00000000f2800000, 0x0000000100000000)
  eden space 346112K, 0% used [0x00000000d5580000,0x00000000d5580000,0x00000000ea780000)
  from space 18432K, 99% used [0x00000000ea780000,0x00000000eb97bec0,0x00000000eb980000)
  to   space 24064K, 0% used [0x00000000f1080000,0x00000000f1080000,0x00000000f2800000)
 ParOldGen       total 86528K, used 24907K [0x0000000080000000, 0x0000000085480000, 0x00000000d5580000)
  object space 86528K, 28% used [0x0000000080000000,0x0000000081852c00,0x0000000085480000)
 Metaspace       used 56790K, capacity 59054K, committed 59160K, reserved 1099776K
  class space    used 7688K, capacity 8158K, committed 8240K, reserved 1048576K
Event: 5.229 GC heap after
Heap after GC invocations=12 (full 3):
 PSYoungGen      total 364544K, used 0K [0x00000000d5580000, 0x00000000f2800000, 0x0000000100000000)
  eden space 346112K, 0% used [0x00000000d5580000,0x00000000d5580000,0x00000000ea780000)
  from space 18432K, 0% used [0x00000000ea780000,0x00000000ea780000,0x00000000eb980000)
  to   space 24064K, 0% used [0x00000000f1080000,0x00000000f1080000,0x00000000f2800000)
 ParOldGen       total 135168K, used 37954K [0x0000000080000000, 0x0000000088400000, 0x00000000d5580000)
  object space 135168K, 28% used [0x0000000080000000,0x00000000825109f0,0x0000000088400000)
 Metaspace       used 56754K, capacity 58934K, committed 59160K, reserved 1099776K
  class space    used 7677K, capacity 8138K, committed 8240K, reserved 1048576K
}

