# JRE version: OpenJDK Runtime Environment (8.0_242-b01) (build 1.8.0_242-release-1644-b01)
# Java VM: OpenJDK 64-Bit Server VM (25.242-b01 mixed mode windows-amd64 compressed oops)
Heap:
 PSYoungGen      total 471552K, used 471502K [0x00000000d5580000, 0x00000000ffd80000, 0x0000000100000000)
  eden space 431616K, 100% used [0x00000000d5580000,0x00000000efb00000,0x00000000efb00000)
  from space 39936K, 99% used [0x00000000efb00000,0x00000000f21f3898,0x00000000f2200000)
  to   space 131584K, 13% used [0x00000000f7d00000,0x00000000f8e18160,0x00000000ffd80000)
 ParOldGen       total 452096K, used 352148K [0x0000000080000000, 0x000000009b980000, 0x00000000d5580000)
  object space 452096K, 77% used [0x0000000080000000,0x00000000957e5280,0x000000009b980000)
 Metaspace       used 124248K, capacity 130362K, committed 130584K, reserved 1163264K
  class space    used 15521K, capacity 16651K, committed 16688K, reserved 1048576K
GC Heap History (10 events):
Event: 1062.915 GC heap after
Heap after GC invocations=38 (full 5):
 PSYoungGen      total 532480K, used 81765K [0x00000000d5580000, 0x0000000100000000, 0x0000000100000000)
  eden space 420352K, 0% used [0x00000000d5580000,0x00000000d5580000,0x00000000ef000000)
  from space 112128K, 72% used [0x00000000ef000000,0x00000000f3fd95a0,0x00000000f5d80000)
  to   space 116736K, 0% used [0x00000000f8e00000,0x00000000f8e00000,0x0000000100000000)
 ParOldGen       total 452096K, used 263941K [0x0000000080000000, 0x000000009b980000, 0x00000000d5580000)
  object space 452096K, 58% used [0x0000000080000000,0x00000000901c1570,0x000000009b980000)
 Metaspace       used 124171K, capacity 130282K, committed 130328K, reserved 1163264K
  class space    used 15521K, capacity 16651K, committed 16688K, reserved 1048576K
}
Event: 1065.135 GC heap before
{Heap before GC invocations=39 (full 5):
 PSYoungGen      total 532480K, used 502117K [0x00000000d5580000, 0x0000000100000000, 0x0000000100000000)
  eden space 420352K, 100% used [0x00000000d5580000,0x00000000ef000000,0x00000000ef000000)
  from space 112128K, 72% used [0x00000000ef000000,0x00000000f3fd95a0,0x00000000f5d80000)
  to   space 116736K, 0% used [0x00000000f8e00000,0x00000000f8e00000,0x0000000100000000)
 ParOldGen       total 452096K, used 263941K [0x0000000080000000, 0x000000009b980000, 0x00000000d5580000)
  object space 452096K, 58% used [0x0000000080000000,0x00000000901c1570,0x000000009b980000)
 Metaspace       used 124188K, capacity 130286K, committed 130328K, reserved 1163264K
  class space    used 15521K, capacity 16651K, committed 16688K, reserved 1048576K
Event: 1065.239 GC heap after
Heap after GC invocations=39 (full 5):
 PSYoungGen      total 564736K, used 95208K [0x00000000d5580000, 0x0000000100000000, 0x0000000100000000)
  eden space 448000K, 0% used [0x00000000d5580000,0x00000000d5580000,0x00000000f0b00000)
  from space 116736K, 81% used [0x00000000f8e00000,0x00000000feafa370,0x0000000100000000)
  to   space 125440K, 0% used [0x00000000f0b00000,0x00000000f0b00000,0x00000000f8580000)
 ParOldGen       total 452096K, used 264581K [0x0000000080000000, 0x000000009b980000, 0x00000000d5580000)
  object space 452096K, 58% used [0x0000000080000000,0x00000000902615b0,0x000000009b980000)
 Metaspace       used 124188K, capacity 130286K, committed 130328K, reserved 1163264K
  class space    used 15521K, capacity 16651K, committed 16688K, reserved 1048576K
}
Event: 1065.892 GC heap before
{Heap before GC invocations=40 (full 5):
 PSYoungGen      total 564736K, used 543208K [0x00000000d5580000, 0x0000000100000000, 0x0000000100000000)
  eden space 448000K, 100% used [0x00000000d5580000,0x00000000f0b00000,0x00000000f0b00000)
  from space 116736K, 81% used [0x00000000f8e00000,0x00000000feafa370,0x0000000100000000)
  to   space 125440K, 0% used [0x00000000f0b00000,0x00000000f0b00000,0x00000000f8580000)
 ParOldGen       total 452096K, used 264581K [0x0000000080000000, 0x000000009b980000, 0x00000000d5580000)
  object space 452096K, 58% used [0x0000000080000000,0x00000000902615b0,0x000000009b980000)
 Metaspace       used 124220K, capacity 130294K, committed 130584K, reserved 1163264K
  class space    used 15521K, capacity 16651K, committed 16688K, reserved 1048576K
Event: 1065.992 GC heap after
Heap after GC invocations=40 (full 5):
 PSYoungGen      total 544256K, used 95902K [0x00000000d5580000, 0x0000000100000000, 0x0000000100000000)
  eden space 448000K, 0% used [0x00000000d5580000,0x00000000d5580000,0x00000000f0b00000)
  from space 96256K, 99% used [0x00000000f0b00000,0x00000000f68a7b10,0x00000000f6900000)
  to   space 132096K, 0% used [0x00000000f7f00000,0x00000000f7f00000,0x0000000100000000)
 ParOldGen       total 452096K, used 264757K [0x0000000080000000, 0x000000009b980000, 0x00000000d5580000)
  object space 452096K, 58% used [0x0000000080000000,0x000000009028d6d8,0x000000009b980000)
 Metaspace       used 124220K, capacity 130294K, committed 130584K, reserved 1163264K
  class space    used 15521K, capacity 16651K, committed 16688K, reserved 1048576K
}
Event: 1066.630 GC heap before
{Heap before GC invocations=41 (full 5):
 PSYoungGen      total 544256K, used 543902K [0x00000000d5580000, 0x0000000100000000, 0x0000000100000000)
  eden space 448000K, 100% used [0x00000000d5580000,0x00000000f0b00000,0x00000000f0b00000)
  from space 96256K, 99% used [0x00000000f0b00000,0x00000000f68a7b10,0x00000000f6900000)
  to   space 132096K, 0% used [0x00000000f7f00000,0x00000000f7f00000,0x0000000100000000)
 ParOldGen       total 452096K, used 264757K [0x0000000080000000, 0x000000009b980000, 0x00000000d5580000)
  object space 452096K, 58% used [0x0000000080000000,0x000000009028d6d8,0x000000009b980000)
 Metaspace       used 124233K, capacity 130358K, committed 130584K, reserved 1163264K
  class space    used 15521K, capacity 16651K, committed 16688K, reserved 1048576K
Event: 1066.689 GC heap after
Heap after GC invocations=41 (full 5):
 PSYoungGen      total 563712K, used 86422K [0x00000000d5580000, 0x0000000100000000, 0x0000000100000000)
  eden space 431616K, 0% used [0x00000000d5580000,0x00000000d5580000,0x00000000efb00000)
  from space 132096K, 65% used [0x00000000f7f00000,0x00000000fd3658b0,0x0000000100000000)
  to   space 133632K, 0% used [0x00000000efb00000,0x00000000efb00000,0x00000000f7d80000)
 ParOldGen       total 452096K, used 276091K [0x0000000080000000, 0x000000009b980000, 0x00000000d5580000)
  object space 452096K, 61% used [0x0000000080000000,0x0000000090d9efc0,0x000000009b980000)
 Metaspace       used 124233K, capacity 130358K, committed 130584K, reserved 1163264K
  class space    used 15521K, capacity 16651K, committed 16688K, reserved 1048576K
}
Event: 1067.309 GC heap before
{Heap before GC invocations=42 (full 5):
 PSYoungGen      total 563712K, used 518038K [0x00000000d5580000, 0x0000000100000000, 0x0000000100000000)
  eden space 431616K, 100% used [0x00000000d5580000,0x00000000efb00000,0x00000000efb00000)
  from space 132096K, 65% used [0x00000000f7f00000,0x00000000fd3658b0,0x0000000100000000)
  to   space 133632K, 0% used [0x00000000efb00000,0x00000000efb00000,0x00000000f7d80000)
 ParOldGen       total 452096K, used 276091K [0x0000000080000000, 0x000000009b980000, 0x00000000d5580000)
  object space 452096K, 61% used [0x0000000080000000,0x0000000090d9efc0,0x000000009b980000)
 Metaspace       used 124239K, capacity 130358K, committed 130584K, reserved 1163264K
  class space    used 15521K, capacity 16651K, committed 16688K, reserved 1048576K
Event: 1067.382 GC heap after
Heap after GC invocations=42 (full 5):
 PSYoungGen      total 471552K, used 39886K [0x00000000d5580000, 0x00000000ffd80000, 0x0000000100000000)
  eden space 431616K, 0% used [0x00000000d5580000,0x00000000d5580000,0x00000000efb00000)
  from space 39936K, 99% used [0x00000000efb00000,0x00000000f21f3898,0x00000000f2200000)
  to   space 131584K, 0% used [0x00000000f7d00000,0x00000000f7d00000,0x00000000ffd80000)
 ParOldGen       total 452096K, used 325347K [0x0000000080000000, 0x000000009b980000, 0x00000000d5580000)
  object space 452096K, 71% used [0x0000000080000000,0x0000000093db8c40,0x000000009b980000)
 Metaspace       used 124239K, capacity 130358K, committed 130584K, reserved 1163264K
  class space    used 15521K, capacity 16651K, committed 16688K, reserved 1048576K
}
Event: 1068.072 GC heap before
{Heap before GC invocations=43 (full 5):
 PSYoungGen      total 471552K, used 471502K [0x00000000d5580000, 0x00000000ffd80000, 0x0000000100000000)
  eden space 431616K, 100% used [0x00000000d5580000,0x00000000efb00000,0x00000000efb00000)
  from space 39936K, 99% used [0x00000000efb00000,0x00000000f21f3898,0x00000000f2200000)
  to   space 131584K, 0% used [0x00000000f7d00000,0x00000000f7d00000,0x00000000ffd80000)
 ParOldGen       total 452096K, used 325347K [0x0000000080000000, 0x000000009b980000, 0x00000000d5580000)
  object space 452096K, 71% used [0x0000000080000000,0x0000000093db8c40,0x000000009b980000)
 Metaspace       used 124248K, capacity 130362K, committed 130584K, reserved 1163264K
  class space    used 15521K, capacity 16651K, committed 16688K, reserved 1048576K

